[NX Daemon Server] - 2025-05-03T13:12:51.341Z - Started listening on: \\.\pipe\nx\C:\Users\Usuario\AppData\Local\Temp\a837184c71ef53d8f1e0\d.sock
[NX Daemon Server] - 2025-05-03T13:12:51.344Z - [WATCHER]: Subscribed to changes within: C:\Users\Usuario\Downloads\portfolio-main\portfolio-main (native)
[NX Daemon Server] - 2025-05-03T13:12:51.347Z - Established a connection. Number of open connections: 1
[NX Daemon Server] - 2025-05-03T13:12:51.347Z - Established a connection. Number of open connections: 2
[NX Daemon Server] - 2025-05-03T13:12:51.349Z - Closed a connection. Number of open connections: 1
[NX Daemon Server] - 2025-05-03T13:12:51.350Z - [REQUEST]: Client Request for Project Graph Received
[NX Daemon Server] - 2025-05-03T13:12:51.528Z - [REQUEST]: Updated workspace context based on watched changes, recomputing project graph...
[NX Daemon Server] - 2025-05-03T13:12:51.530Z - [REQUEST]: 
[NX Daemon Server] - 2025-05-03T13:12:51.530Z - [REQUEST]: 
[NX Daemon Server] - 2025-05-03T13:12:51.536Z - Time taken for 'loadNxPlugins' 177.23979999999997ms
[NX Daemon Server] - 2025-05-03T13:12:51.574Z - Time taken for 'build-project-configs' 25.626700000000028ms
[NX Daemon Server] - 2025-05-03T13:12:51.665Z - [SYNC]: collect registered sync generators
[NX Daemon Server] - 2025-05-03T13:12:51.666Z - [SYNC]: scheduling: []
[NX Daemon Server] - 2025-05-03T13:12:51.666Z - [REQUEST]: Responding to the client. project-graph
[NX Daemon Server] - 2025-05-03T13:12:51.667Z - Time taken for 'total for creating and serializing project graph' 315.8592ms
[NX Daemon Server] - 2025-05-03T13:12:51.668Z - Done responding to the client project-graph
[NX Daemon Server] - 2025-05-03T13:12:51.668Z - Handled REQUEST_PROJECT_GRAPH. Handling time: 316. Response time: 2.
[NX Daemon Server] - 2025-05-03T13:12:51.723Z - [REQUEST]: Responding to the client. handleHashTasks
[NX Daemon Server] - 2025-05-03T13:12:51.723Z - Done responding to the client handleHashTasks
[NX Daemon Server] - 2025-05-03T13:12:51.723Z - Handled HASH_TASKS. Handling time: 15. Response time: 0.
[NX Daemon Server] - 2025-05-03T13:12:52.979Z - Established a connection. Number of open connections: 2
[NX Daemon Server] - 2025-05-03T13:12:52.979Z - Closed a connection. Number of open connections: 1
[NX Daemon Server] - 2025-05-03T13:12:52.980Z - Established a connection. Number of open connections: 2
[NX Daemon Server] - 2025-05-03T13:12:52.982Z - [REQUEST]: Client Request for Project Graph Received
[NX Daemon Server] - 2025-05-03T13:12:52.982Z - [REQUEST]: Responding to the client. project-graph
[NX Daemon Server] - 2025-05-03T13:12:52.983Z - Time taken for 'total for creating and serializing project graph' 0.27070000000003347ms
[NX Daemon Server] - 2025-05-03T13:12:52.984Z - Done responding to the client project-graph
[NX Daemon Server] - 2025-05-03T13:12:52.984Z - Handled REQUEST_PROJECT_GRAPH. Handling time: 0. Response time: 2.
[NX Daemon Server] - 2025-05-03T13:12:53.814Z - Established a connection. Number of open connections: 3
[NX Daemon Server] - 2025-05-03T13:12:53.814Z - Closed a connection. Number of open connections: 2
[NX Daemon Server] - 2025-05-03T13:12:53.814Z - Established a connection. Number of open connections: 3
[NX Daemon Server] - 2025-05-03T13:12:53.816Z - [REQUEST]: Client Request for Project Graph Received
[NX Daemon Server] - 2025-05-03T13:12:53.816Z - [REQUEST]: Responding to the client. project-graph
[NX Daemon Server] - 2025-05-03T13:12:53.817Z - Time taken for 'total for creating and serializing project graph' 0.25939999999991414ms
[NX Daemon Server] - 2025-05-03T13:12:53.818Z - Done responding to the client project-graph
[NX Daemon Server] - 2025-05-03T13:12:53.818Z - Handled REQUEST_PROJECT_GRAPH. Handling time: 0. Response time: 2.
[NX Daemon Server] - 2025-05-03T13:12:53.883Z - [REQUEST]: Client Request for Project Graph Received
[NX Daemon Server] - 2025-05-03T13:12:53.884Z - [REQUEST]: Responding to the client. project-graph
[NX Daemon Server] - 2025-05-03T13:12:53.884Z - Time taken for 'total for creating and serializing project graph' 0.28490000000010696ms
[NX Daemon Server] - 2025-05-03T13:12:53.885Z - Done responding to the client project-graph
[NX Daemon Server] - 2025-05-03T13:12:53.885Z - Handled REQUEST_PROJECT_GRAPH. Handling time: 1. Response time: 1.
[NX Daemon Server] - 2025-05-03T13:12:54.752Z - [WATCHER]: Processing file changes in outputs
[NX Daemon Server] - 2025-05-03T13:12:54.821Z - [WATCHER]: Processing file changes in outputs
[NX Daemon Server] - 2025-05-03T13:12:55.732Z - [WATCHER]: Processing file changes in outputs
[NX Daemon Server] - 2025-05-03T13:12:55.986Z - [REQUEST]: Client Request for Project Graph Received
[NX Daemon Server] - 2025-05-03T13:12:55.987Z - [REQUEST]: Responding to the client. project-graph
[NX Daemon Server] - 2025-05-03T13:12:55.988Z - Time taken for 'total for creating and serializing project graph' 0.3386000000000422ms
[NX Daemon Server] - 2025-05-03T13:12:55.990Z - Done responding to the client project-graph
[NX Daemon Server] - 2025-05-03T13:12:55.991Z - Handled REQUEST_PROJECT_GRAPH. Handling time: 1. Response time: 4.
[NX Daemon Server] - 2025-05-03T13:12:55.996Z - [WATCHER]: Processing file changes in outputs
[NX Daemon Server] - 2025-05-03T13:12:56.090Z - [WATCHER]: Processing file changes in outputs
[NX Daemon Server] - 2025-05-03T13:12:56.922Z - Closed a connection. Number of open connections: 2
[NX Daemon Server] - 2025-05-03T13:12:56.922Z - Closed a connection. Number of open connections: 1
[NX Daemon Server] - 2025-05-03T13:12:56.924Z - Closed a connection. Number of open connections: 0
[NX Daemon Server] - 2025-05-03T13:12:56.977Z - [WATCHER]: Processing file changes in outputs
[NX Daemon Server] - 2025-05-03T13:13:28.972Z - [WATCHER]: Processing file changes in outputs
[NX Daemon Server] - 2025-05-03T13:13:28.973Z - [WATCHER]: libs/core-components/src/lib/layout/footer.component.tsx was modified
[NX Daemon Server] - 2025-05-03T13:13:29.079Z - [REQUEST]: Updated workspace context based on watched changes, recomputing project graph...
[NX Daemon Server] - 2025-05-03T13:13:29.079Z - [REQUEST]: libs/core-components/src/lib/layout/footer.component.tsx
[NX Daemon Server] - 2025-05-03T13:13:29.079Z - [REQUEST]: 
[NX Daemon Server] - 2025-05-03T13:13:29.082Z - Time taken for 'hash changed files from watcher' 0.32669999999779975ms
[NX Daemon Server] - 2025-05-03T13:13:29.101Z - Time taken for 'build-project-configs' 14.377099999997881ms
[NX Daemon Server] - 2025-05-03T13:13:29.143Z - [SYNC]: collect registered sync generators
[NX Daemon Server] - 2025-05-03T13:13:29.143Z - [SYNC]: project graph hash is the same, not collecting task sync generators
[NX Daemon Server] - 2025-05-03T13:13:29.144Z - [SYNC]: nx.json hash is the same, not collecting global sync generators
[NX Daemon Server] - 2025-05-03T13:13:29.144Z - [SYNC]: scheduling: []
[NX Daemon Server] - 2025-05-03T13:13:29.144Z - Time taken for 'total execution time for createProjectGraph()' 38.25939999999537ms
[NX Daemon Server] - 2025-05-03T13:17:13.734Z - [WATCHER]: libs/core-components/src/lib/layout/footer.component.tsx was modified
[NX Daemon Server] - 2025-05-03T13:17:13.735Z - [WATCHER]: Processing file changes in outputs
[NX Daemon Server] - 2025-05-03T13:17:13.950Z - [REQUEST]: Updated workspace context based on watched changes, recomputing project graph...
[NX Daemon Server] - 2025-05-03T13:17:13.950Z - [REQUEST]: libs/core-components/src/lib/layout/footer.component.tsx
[NX Daemon Server] - 2025-05-03T13:17:13.950Z - [REQUEST]: 
[NX Daemon Server] - 2025-05-03T13:17:13.953Z - Time taken for 'hash changed files from watcher' 0.710300000035204ms
[NX Daemon Server] - 2025-05-03T13:17:13.973Z - Time taken for 'build-project-configs' 15.595700000005309ms
[NX Daemon Server] - 2025-05-03T13:17:14.020Z - [SYNC]: collect registered sync generators
[NX Daemon Server] - 2025-05-03T13:17:14.020Z - [SYNC]: project graph hash is the same, not collecting task sync generators
[NX Daemon Server] - 2025-05-03T13:17:14.020Z - [SYNC]: nx.json hash is the same, not collecting global sync generators
[NX Daemon Server] - 2025-05-03T13:17:14.020Z - [SYNC]: scheduling: []
[NX Daemon Server] - 2025-05-03T13:17:14.020Z - Time taken for 'total execution time for createProjectGraph()' 36.948799999954645ms
[NX Daemon Server] - 2025-05-04T11:47:57.425Z - Started listening on: \\.\pipe\nx\C:\Users\Usuario\AppData\Local\Temp\a837184c71ef53d8f1e0\d.sock
[NX Daemon Server] - 2025-05-04T11:47:57.430Z - [WATCHER]: Subscribed to changes within: C:\Users\Usuario\Downloads\portfolio-main\portfolio-main (native)
[NX Daemon Server] - 2025-05-04T11:47:57.431Z - Established a connection. Number of open connections: 1
[NX Daemon Server] - 2025-05-04T11:47:57.432Z - Established a connection. Number of open connections: 2
[NX Daemon Server] - 2025-05-04T11:47:57.433Z - Closed a connection. Number of open connections: 1
[NX Daemon Server] - 2025-05-04T11:47:57.435Z - [REQUEST]: Client Request for Project Graph Received
[NX Daemon Server] - 2025-05-04T11:47:57.629Z - [REQUEST]: Updated workspace context based on watched changes, recomputing project graph...
[NX Daemon Server] - 2025-05-04T11:47:57.629Z - [REQUEST]: 
[NX Daemon Server] - 2025-05-04T11:47:57.630Z - [REQUEST]: 
[NX Daemon Server] - 2025-05-04T11:47:57.635Z - Time taken for 'loadNxPlugins' 193.0945ms
[NX Daemon Server] - 2025-05-04T11:47:57.667Z - Time taken for 'build-project-configs' 18.1456ms
[NX Daemon Server] - 2025-05-04T11:47:57.729Z - [SYNC]: collect registered sync generators
[NX Daemon Server] - 2025-05-04T11:47:57.730Z - [SYNC]: scheduling: []
[NX Daemon Server] - 2025-05-04T11:47:57.730Z - [REQUEST]: Responding to the client. project-graph
[NX Daemon Server] - 2025-05-04T11:47:57.731Z - Time taken for 'total for creating and serializing project graph' 295.54110000000003ms
[NX Daemon Server] - 2025-05-04T11:47:57.732Z - Done responding to the client project-graph
[NX Daemon Server] - 2025-05-04T11:47:57.732Z - Handled REQUEST_PROJECT_GRAPH. Handling time: 295. Response time: 2.
[NX Daemon Server] - 2025-05-04T11:47:57.807Z - [REQUEST]: Responding to the client. handleHashTasks
[NX Daemon Server] - 2025-05-04T11:47:57.807Z - Done responding to the client handleHashTasks
[NX Daemon Server] - 2025-05-04T11:47:57.807Z - Handled HASH_TASKS. Handling time: 16. Response time: 0.
[NX Daemon Server] - 2025-05-04T11:48:00.832Z - Established a connection. Number of open connections: 2
[NX Daemon Server] - 2025-05-04T11:48:00.832Z - Closed a connection. Number of open connections: 1
[NX Daemon Server] - 2025-05-04T11:48:00.832Z - Established a connection. Number of open connections: 2
[NX Daemon Server] - 2025-05-04T11:48:00.836Z - [REQUEST]: Client Request for Project Graph Received
[NX Daemon Server] - 2025-05-04T11:48:00.836Z - [REQUEST]: Responding to the client. project-graph
[NX Daemon Server] - 2025-05-04T11:48:00.837Z - Time taken for 'total for creating and serializing project graph' 0.35809999999992215ms
[NX Daemon Server] - 2025-05-04T11:48:00.839Z - Done responding to the client project-graph
[NX Daemon Server] - 2025-05-04T11:48:00.839Z - Handled REQUEST_PROJECT_GRAPH. Handling time: 0. Response time: 3.
[NX Daemon Server] - 2025-05-04T11:48:00.990Z - [REQUEST]: Client Request for Project Graph Received
[NX Daemon Server] - 2025-05-04T11:48:00.990Z - [REQUEST]: Responding to the client. project-graph
[NX Daemon Server] - 2025-05-04T11:48:00.991Z - Time taken for 'total for creating and serializing project graph' 0.4882999999999811ms
[NX Daemon Server] - 2025-05-04T11:48:00.992Z - Done responding to the client project-graph
[NX Daemon Server] - 2025-05-04T11:48:00.992Z - Handled REQUEST_PROJECT_GRAPH. Handling time: 0. Response time: 2.
[NX Daemon Server] - 2025-05-04T11:48:04.124Z - [WATCHER]: Processing file changes in outputs
[NX Daemon Server] - 2025-05-04T11:48:04.140Z - Closed a connection. Number of open connections: 1
[NX Daemon Server] - 2025-05-04T11:48:04.163Z - [REQUEST]: Responding to the client. recordOutputsHash
[NX Daemon Server] - 2025-05-04T11:48:04.163Z - Done responding to the client recordOutputsHash
[NX Daemon Server] - 2025-05-04T11:48:04.163Z - Handled RECORD_OUTPUTS_HASH. Handling time: 3. Response time: 0.
[NX Daemon Server] - 2025-05-04T11:48:04.843Z - [REQUEST]: Responding to the client. PROCESS_IN_BACKGROUND
[NX Daemon Server] - 2025-05-04T11:48:04.843Z - Uploading file artifacts
[NX Daemon Server] - 2025-05-04T11:48:04.850Z - Done responding to the client PROCESS_IN_BACKGROUND
[NX Daemon Server] - 2025-05-04T11:48:04.850Z - Handled PROCESS_IN_BACKGROUND. Handling time: 598. Response time: 7.
[NX Daemon Server] - 2025-05-04T11:48:04.851Z - Closed a connection. Number of open connections: 0
[NX Daemon Server] - 2025-05-04T11:48:05.143Z - Done uploading file artifacts
[NX Daemon Server] - 2025-05-04T11:48:05.143Z - Sending EndRun request
[NX Daemon Server] - 2025-05-04T11:48:05.305Z - Done sending EndRun request
[NX Daemon Server] - 2025-05-04T11:48:50.471Z - [WATCHER]: libs/i18n/src/lib/english/misc.json was modified
[NX Daemon Server] - 2025-05-04T11:48:50.472Z - [WATCHER]: Processing file changes in outputs
[NX Daemon Server] - 2025-05-04T11:48:50.578Z - [REQUEST]: Updated workspace context based on watched changes, recomputing project graph...
[NX Daemon Server] - 2025-05-04T11:48:50.578Z - [REQUEST]: libs/i18n/src/lib/english/misc.json
[NX Daemon Server] - 2025-05-04T11:48:50.578Z - [REQUEST]: 
[NX Daemon Server] - 2025-05-04T11:48:50.581Z - Time taken for 'hash changed files from watcher' 0.39839999999821885ms
[NX Daemon Server] - 2025-05-04T11:48:50.601Z - Time taken for 'build-project-configs' 15.288899999999558ms
[NX Daemon Server] - 2025-05-04T11:48:50.642Z - [SYNC]: collect registered sync generators
[NX Daemon Server] - 2025-05-04T11:48:50.642Z - [SYNC]: project graph hash is the same, not collecting task sync generators
[NX Daemon Server] - 2025-05-04T11:48:50.642Z - [SYNC]: nx.json hash is the same, not collecting global sync generators
[NX Daemon Server] - 2025-05-04T11:48:50.642Z - [SYNC]: scheduling: []
[NX Daemon Server] - 2025-05-04T11:48:50.642Z - Time taken for 'total execution time for createProjectGraph()' 36.452799999999115ms
[NX Daemon Server] - 2025-05-04T11:49:03.625Z - [WATCHER]: libs/i18n/src/lib/spanish/misc.json was modified
[NX Daemon Server] - 2025-05-04T11:49:03.625Z - [WATCHER]: Processing file changes in outputs
[NX Daemon Server] - 2025-05-04T11:49:03.842Z - [REQUEST]: Updated workspace context based on watched changes, recomputing project graph...
[NX Daemon Server] - 2025-05-04T11:49:03.842Z - [REQUEST]: libs/i18n/src/lib/spanish/misc.json
[NX Daemon Server] - 2025-05-04T11:49:03.842Z - [REQUEST]: 
[NX Daemon Server] - 2025-05-04T11:49:03.844Z - Time taken for 'hash changed files from watcher' 0.5547999999980675ms
[NX Daemon Server] - 2025-05-04T11:49:03.862Z - Time taken for 'build-project-configs' 13.827900000003865ms
[NX Daemon Server] - 2025-05-04T11:49:03.903Z - [SYNC]: collect registered sync generators
[NX Daemon Server] - 2025-05-04T11:49:03.903Z - [SYNC]: project graph hash is the same, not collecting task sync generators
[NX Daemon Server] - 2025-05-04T11:49:03.903Z - [SYNC]: nx.json hash is the same, not collecting global sync generators
[NX Daemon Server] - 2025-05-04T11:49:03.903Z - [SYNC]: scheduling: []
[NX Daemon Server] - 2025-05-04T11:49:03.903Z - Time taken for 'total execution time for createProjectGraph()' 34.58980000000156ms
[NX Daemon Server] - 2025-05-04T11:49:18.180Z - [WATCHER]: libs/i18n/src/lib/catalan/misc.json was modified
[NX Daemon Server] - 2025-05-04T11:49:18.180Z - [WATCHER]: Processing file changes in outputs
[NX Daemon Server] - 2025-05-04T11:49:18.593Z - [REQUEST]: Updated workspace context based on watched changes, recomputing project graph...
[NX Daemon Server] - 2025-05-04T11:49:18.593Z - [REQUEST]: libs/i18n/src/lib/catalan/misc.json
[NX Daemon Server] - 2025-05-04T11:49:18.593Z - [REQUEST]: 
[NX Daemon Server] - 2025-05-04T11:49:18.595Z - Time taken for 'hash changed files from watcher' 0.6156999999948312ms
[NX Daemon Server] - 2025-05-04T11:49:18.615Z - Time taken for 'build-project-configs' 14.393599999995786ms
[NX Daemon Server] - 2025-05-04T11:49:18.651Z - [SYNC]: collect registered sync generators
[NX Daemon Server] - 2025-05-04T11:49:18.651Z - [SYNC]: project graph hash is the same, not collecting task sync generators
[NX Daemon Server] - 2025-05-04T11:49:18.651Z - [SYNC]: nx.json hash is the same, not collecting global sync generators
[NX Daemon Server] - 2025-05-04T11:49:18.651Z - [SYNC]: scheduling: []
[NX Daemon Server] - 2025-05-04T11:49:18.651Z - Time taken for 'total execution time for createProjectGraph()' 32.32709999999497ms
[NX Daemon Server] - 2025-05-04T11:49:20.025Z - Established a connection. Number of open connections: 1
[NX Daemon Server] - 2025-05-04T11:49:20.025Z - Closed a connection. Number of open connections: 0
[NX Daemon Server] - 2025-05-04T11:49:20.025Z - Established a connection. Number of open connections: 1
[NX Daemon Server] - 2025-05-04T11:49:20.027Z - [REQUEST]: Client Request for Project Graph Received
[NX Daemon Server] - 2025-05-04T11:49:20.028Z - [REQUEST]: Responding to the client. project-graph
[NX Daemon Server] - 2025-05-04T11:49:20.029Z - Time taken for 'total for creating and serializing project graph' 0.3172000000049593ms
[NX Daemon Server] - 2025-05-04T11:49:20.031Z - Done responding to the client project-graph
[NX Daemon Server] - 2025-05-04T11:49:20.031Z - Handled REQUEST_PROJECT_GRAPH. Handling time: 1. Response time: 3.
[NX Daemon Server] - 2025-05-04T11:49:20.089Z - [REQUEST]: Responding to the client. handleHashTasks
[NX Daemon Server] - 2025-05-04T11:49:20.089Z - Done responding to the client handleHashTasks
[NX Daemon Server] - 2025-05-04T11:49:20.089Z - Handled HASH_TASKS. Handling time: 15. Response time: 0.
[NX Daemon Server] - 2025-05-04T11:49:21.987Z - Established a connection. Number of open connections: 2
[NX Daemon Server] - 2025-05-04T11:49:21.987Z - Closed a connection. Number of open connections: 1
[NX Daemon Server] - 2025-05-04T11:49:21.988Z - Established a connection. Number of open connections: 2
[NX Daemon Server] - 2025-05-04T11:49:21.990Z - [REQUEST]: Client Request for Project Graph Received
[NX Daemon Server] - 2025-05-04T11:49:21.990Z - [REQUEST]: Responding to the client. project-graph
[NX Daemon Server] - 2025-05-04T11:49:21.991Z - Time taken for 'total for creating and serializing project graph' 0.25109999999403954ms
[NX Daemon Server] - 2025-05-04T11:49:21.992Z - Done responding to the client project-graph
[NX Daemon Server] - 2025-05-04T11:49:21.992Z - Handled REQUEST_PROJECT_GRAPH. Handling time: 0. Response time: 2.
[NX Daemon Server] - 2025-05-04T11:49:22.111Z - [REQUEST]: Client Request for Project Graph Received
[NX Daemon Server] - 2025-05-04T11:49:22.112Z - [REQUEST]: Responding to the client. project-graph
[NX Daemon Server] - 2025-05-04T11:49:22.113Z - Time taken for 'total for creating and serializing project graph' 0.4869999999937136ms
[NX Daemon Server] - 2025-05-04T11:49:22.113Z - Done responding to the client project-graph
[NX Daemon Server] - 2025-05-04T11:49:22.113Z - Handled REQUEST_PROJECT_GRAPH. Handling time: 1. Response time: 1.
[NX Daemon Server] - 2025-05-04T11:49:24.951Z - [WATCHER]: Processing file changes in outputs
[NX Daemon Server] - 2025-05-04T11:49:24.960Z - Closed a connection. Number of open connections: 1
[NX Daemon Server] - 2025-05-04T11:49:24.984Z - [REQUEST]: Responding to the client. recordOutputsHash
[NX Daemon Server] - 2025-05-04T11:49:24.984Z - Done responding to the client recordOutputsHash
[NX Daemon Server] - 2025-05-04T11:49:24.984Z - Handled RECORD_OUTPUTS_HASH. Handling time: 2. Response time: 1.
[NX Daemon Server] - 2025-05-04T11:49:25.441Z - [REQUEST]: Responding to the client. PROCESS_IN_BACKGROUND
[NX Daemon Server] - 2025-05-04T11:49:25.441Z - Uploading file artifacts
[NX Daemon Server] - 2025-05-04T11:49:25.443Z - Done responding to the client PROCESS_IN_BACKGROUND
[NX Daemon Server] - 2025-05-04T11:49:25.443Z - Handled PROCESS_IN_BACKGROUND. Handling time: 379. Response time: 2.
[NX Daemon Server] - 2025-05-04T11:49:25.454Z - Closed a connection. Number of open connections: 0
[NX Daemon Server] - 2025-05-04T11:49:25.687Z - Done uploading file artifacts
[NX Daemon Server] - 2025-05-04T11:49:25.688Z - Sending EndRun request
[NX Daemon Server] - 2025-05-04T11:49:25.859Z - Done sending EndRun request
[NX Daemon Server] - 2025-05-04T11:49:49.075Z - [WATCHER]: Processing file changes in outputs
[NX Daemon Server] - 2025-05-04T11:49:49.077Z - [WATCHER]: libs/i18n/src/lib/catalan/misc.json was modified
[NX Daemon Server] - 2025-05-04T11:49:49.192Z - [REQUEST]: Updated workspace context based on watched changes, recomputing project graph...
[NX Daemon Server] - 2025-05-04T11:49:49.192Z - [REQUEST]: libs/i18n/src/lib/catalan/misc.json
[NX Daemon Server] - 2025-05-04T11:49:49.193Z - [REQUEST]: 
[NX Daemon Server] - 2025-05-04T11:49:49.197Z - Time taken for 'hash changed files from watcher' 1.2788000000000466ms
[NX Daemon Server] - 2025-05-04T11:49:49.215Z - Time taken for 'build-project-configs' 16.511700000002747ms
[NX Daemon Server] - 2025-05-04T11:49:49.254Z - [SYNC]: collect registered sync generators
[NX Daemon Server] - 2025-05-04T11:49:49.254Z - [SYNC]: project graph hash is the same, not collecting task sync generators
[NX Daemon Server] - 2025-05-04T11:49:49.254Z - [SYNC]: nx.json hash is the same, not collecting global sync generators
[NX Daemon Server] - 2025-05-04T11:49:49.254Z - [SYNC]: scheduling: []
[NX Daemon Server] - 2025-05-04T11:49:49.254Z - Time taken for 'total execution time for createProjectGraph()' 32.57029999999213ms
[NX Daemon Server] - 2025-05-04T11:49:57.653Z - [WATCHER]: Processing file changes in outputs
[NX Daemon Server] - 2025-05-04T11:49:57.654Z - [WATCHER]: libs/i18n/src/lib/english/misc.json was modified
[NX Daemon Server] - 2025-05-04T11:49:57.862Z - [REQUEST]: Updated workspace context based on watched changes, recomputing project graph...
[NX Daemon Server] - 2025-05-04T11:49:57.862Z - [REQUEST]: libs/i18n/src/lib/english/misc.json
[NX Daemon Server] - 2025-05-04T11:49:57.862Z - [REQUEST]: 
[NX Daemon Server] - 2025-05-04T11:49:57.867Z - Time taken for 'hash changed files from watcher' 1.1670000000012806ms
[NX Daemon Server] - 2025-05-04T11:49:57.887Z - Time taken for 'build-project-configs' 17.164000000004307ms
[NX Daemon Server] - 2025-05-04T11:49:57.923Z - [SYNC]: collect registered sync generators
[NX Daemon Server] - 2025-05-04T11:49:57.923Z - [SYNC]: project graph hash is the same, not collecting task sync generators
[NX Daemon Server] - 2025-05-04T11:49:57.923Z - [SYNC]: nx.json hash is the same, not collecting global sync generators
[NX Daemon Server] - 2025-05-04T11:49:57.923Z - [SYNC]: scheduling: []
[NX Daemon Server] - 2025-05-04T11:49:57.923Z - Time taken for 'total execution time for createProjectGraph()' 31.05710000000545ms
[NX Daemon Server] - 2025-05-04T11:50:06.311Z - [WATCHER]: Processing file changes in outputs
[NX Daemon Server] - 2025-05-04T11:50:06.314Z - [WATCHER]: libs/i18n/src/lib/spanish/misc.json was modified
[NX Daemon Server] - 2025-05-04T11:50:06.720Z - [REQUEST]: Updated workspace context based on watched changes, recomputing project graph...
[NX Daemon Server] - 2025-05-04T11:50:06.721Z - [REQUEST]: libs/i18n/src/lib/spanish/misc.json
[NX Daemon Server] - 2025-05-04T11:50:06.721Z - [REQUEST]: 
[NX Daemon Server] - 2025-05-04T11:50:06.723Z - Time taken for 'hash changed files from watcher' 0.6961000000010245ms
[NX Daemon Server] - 2025-05-04T11:50:06.740Z - Time taken for 'build-project-configs' 12.9716000000044ms
[NX Daemon Server] - 2025-05-04T11:50:06.777Z - [SYNC]: collect registered sync generators
[NX Daemon Server] - 2025-05-04T11:50:06.777Z - [SYNC]: project graph hash is the same, not collecting task sync generators
[NX Daemon Server] - 2025-05-04T11:50:06.778Z - [SYNC]: nx.json hash is the same, not collecting global sync generators
[NX Daemon Server] - 2025-05-04T11:50:06.778Z - [SYNC]: scheduling: []
[NX Daemon Server] - 2025-05-04T11:50:06.778Z - Time taken for 'total execution time for createProjectGraph()' 28.930000000007567ms
[NX Daemon Server] - 2025-05-04T11:50:08.303Z - Established a connection. Number of open connections: 1
[NX Daemon Server] - 2025-05-04T11:50:08.303Z - Closed a connection. Number of open connections: 0
[NX Daemon Server] - 2025-05-04T11:50:08.304Z - Established a connection. Number of open connections: 1
[NX Daemon Server] - 2025-05-04T11:50:08.306Z - [REQUEST]: Client Request for Project Graph Received
[NX Daemon Server] - 2025-05-04T11:50:08.306Z - [REQUEST]: Responding to the client. project-graph
[NX Daemon Server] - 2025-05-04T11:50:08.307Z - Time taken for 'total for creating and serializing project graph' 0.3217000000004191ms
[NX Daemon Server] - 2025-05-04T11:50:08.310Z - Done responding to the client project-graph
[NX Daemon Server] - 2025-05-04T11:50:08.310Z - Handled REQUEST_PROJECT_GRAPH. Handling time: 0. Response time: 4.
[NX Daemon Server] - 2025-05-04T11:50:08.365Z - [REQUEST]: Responding to the client. handleHashTasks
[NX Daemon Server] - 2025-05-04T11:50:08.366Z - Done responding to the client handleHashTasks
[NX Daemon Server] - 2025-05-04T11:50:08.366Z - Handled HASH_TASKS. Handling time: 14. Response time: 1.
[NX Daemon Server] - 2025-05-04T11:50:10.221Z - Established a connection. Number of open connections: 2
[NX Daemon Server] - 2025-05-04T11:50:10.221Z - Closed a connection. Number of open connections: 1
[NX Daemon Server] - 2025-05-04T11:50:10.221Z - Established a connection. Number of open connections: 2
[NX Daemon Server] - 2025-05-04T11:50:10.224Z - [REQUEST]: Client Request for Project Graph Received
[NX Daemon Server] - 2025-05-04T11:50:10.224Z - [REQUEST]: Responding to the client. project-graph
[NX Daemon Server] - 2025-05-04T11:50:10.225Z - Time taken for 'total for creating and serializing project graph' 0.3430999999982305ms
[NX Daemon Server] - 2025-05-04T11:50:10.227Z - Done responding to the client project-graph
[NX Daemon Server] - 2025-05-04T11:50:10.227Z - Handled REQUEST_PROJECT_GRAPH. Handling time: 0. Response time: 3.
[NX Daemon Server] - 2025-05-04T11:50:10.351Z - [REQUEST]: Client Request for Project Graph Received
[NX Daemon Server] - 2025-05-04T11:50:10.351Z - [REQUEST]: Responding to the client. project-graph
[NX Daemon Server] - 2025-05-04T11:50:10.352Z - Time taken for 'total for creating and serializing project graph' 0.38959999999497086ms
[NX Daemon Server] - 2025-05-04T11:50:10.353Z - Done responding to the client project-graph
[NX Daemon Server] - 2025-05-04T11:50:10.353Z - Handled REQUEST_PROJECT_GRAPH. Handling time: 0. Response time: 2.
[NX Daemon Server] - 2025-05-04T11:50:13.173Z - [WATCHER]: Processing file changes in outputs
[NX Daemon Server] - 2025-05-04T11:50:13.179Z - Closed a connection. Number of open connections: 1
[NX Daemon Server] - 2025-05-04T11:50:13.202Z - [REQUEST]: Responding to the client. recordOutputsHash
[NX Daemon Server] - 2025-05-04T11:50:13.202Z - Done responding to the client recordOutputsHash
[NX Daemon Server] - 2025-05-04T11:50:13.202Z - Handled RECORD_OUTPUTS_HASH. Handling time: 3. Response time: 0.
[NX Daemon Server] - 2025-05-04T11:50:13.673Z - [REQUEST]: Responding to the client. PROCESS_IN_BACKGROUND
[NX Daemon Server] - 2025-05-04T11:50:13.673Z - Done responding to the client PROCESS_IN_BACKGROUND
[NX Daemon Server] - 2025-05-04T11:50:13.673Z - Handled PROCESS_IN_BACKGROUND. Handling time: 391. Response time: 0.
[NX Daemon Server] - 2025-05-04T11:50:13.678Z - Uploading file artifacts
[NX Daemon Server] - 2025-05-04T11:50:13.679Z - Closed a connection. Number of open connections: 0
[NX Daemon Server] - 2025-05-04T11:50:13.909Z - Done uploading file artifacts
[NX Daemon Server] - 2025-05-04T11:50:13.909Z - Sending EndRun request
[NX Daemon Server] - 2025-05-04T11:50:14.091Z - Done sending EndRun request
[NX Daemon Server] - 2025-05-04T11:51:03.106Z - [WATCHER]: Processing file changes in outputs
[NX Daemon Server] - 2025-05-04T11:51:03.107Z - [WATCHER]: package.json was modified
[NX Daemon Server] - 2025-05-04T11:51:03.221Z - [REQUEST]: Updated workspace context based on watched changes, recomputing project graph...
[NX Daemon Server] - 2025-05-04T11:51:03.221Z - [REQUEST]: package.json
[NX Daemon Server] - 2025-05-04T11:51:03.221Z - [REQUEST]: 
[NX Daemon Server] - 2025-05-04T11:51:03.223Z - Time taken for 'hash changed files from watcher' 0.32439999998314306ms
[NX Daemon Server] - 2025-05-04T11:51:03.240Z - Time taken for 'build-project-configs' 13.988299999997253ms
[NX Daemon Server] - 2025-05-04T11:51:03.268Z - [SYNC]: collect registered sync generators
[NX Daemon Server] - 2025-05-04T11:51:03.268Z - [SYNC]: project graph hash is the same, not collecting task sync generators
[NX Daemon Server] - 2025-05-04T11:51:03.268Z - [SYNC]: nx.json hash is the same, not collecting global sync generators
[NX Daemon Server] - 2025-05-04T11:51:03.268Z - [SYNC]: scheduling: []
[NX Daemon Server] - 2025-05-04T11:51:03.268Z - Time taken for 'total execution time for createProjectGraph()' 22.058799999998882ms
[NX Daemon Server] - 2025-05-04T11:51:03.483Z - [WATCHER]: Processing file changes in outputs
[NX Daemon Server] - 2025-05-04T11:51:03.485Z - [WATCHER]: Stopping the watcher for C:\Users\Usuario\Downloads\portfolio-main\portfolio-main (sources)
[NX Daemon Server] - 2025-05-04T11:51:03.485Z - [WATCHER]: Stopping the watcher for C:\Users\Usuario\Downloads\portfolio-main\portfolio-main (outputs)
[NX Daemon Server] - 2025-05-04T11:51:03.486Z - Server stopped because: "LOCK_FILES_CHANGED"
[NX Daemon Server] - 2025-05-04T11:51:08.307Z - Started listening on: \\.\pipe\nx\C:\Users\Usuario\AppData\Local\Temp\a837184c71ef53d8f1e0\d.sock
[NX Daemon Server] - 2025-05-04T11:51:08.310Z - [WATCHER]: Subscribed to changes within: C:\Users\Usuario\Downloads\portfolio-main\portfolio-main (native)
[NX Daemon Server] - 2025-05-04T11:51:08.318Z - Established a connection. Number of open connections: 1
[NX Daemon Server] - 2025-05-04T11:51:08.320Z - Closed a connection. Number of open connections: 0
[NX Daemon Server] - 2025-05-04T11:51:08.320Z - Established a connection. Number of open connections: 1
[NX Daemon Server] - 2025-05-04T11:51:08.321Z - [REQUEST]: Client Request for Project Graph Received
[NX Daemon Server] - 2025-05-04T11:51:08.522Z - [REQUEST]: Updated workspace context based on watched changes, recomputing project graph...
[NX Daemon Server] - 2025-05-04T11:51:08.522Z - [REQUEST]: 
[NX Daemon Server] - 2025-05-04T11:51:08.522Z - [REQUEST]: 
[NX Daemon Server] - 2025-05-04T11:51:08.527Z - Time taken for 'loadNxPlugins' 199.23329999999999ms
[NX Daemon Server] - 2025-05-04T11:51:08.567Z - Time taken for 'build-project-configs' 26.153700000000015ms
[NX Daemon Server] - 2025-05-04T11:51:08.640Z - [SYNC]: collect registered sync generators
[NX Daemon Server] - 2025-05-04T11:51:08.640Z - [SYNC]: scheduling: []
[NX Daemon Server] - 2025-05-04T11:51:08.641Z - [REQUEST]: Responding to the client. project-graph
[NX Daemon Server] - 2025-05-04T11:51:08.642Z - Time taken for 'total for creating and serializing project graph' 319.1564ms
[NX Daemon Server] - 2025-05-04T11:51:08.643Z - Done responding to the client project-graph
[NX Daemon Server] - 2025-05-04T11:51:08.643Z - Handled REQUEST_PROJECT_GRAPH. Handling time: 320. Response time: 2.
[NX Daemon Server] - 2025-05-04T11:51:08.704Z - [REQUEST]: Responding to the client. handleHashTasks
[NX Daemon Server] - 2025-05-04T11:51:08.704Z - Done responding to the client handleHashTasks
[NX Daemon Server] - 2025-05-04T11:51:08.704Z - Handled HASH_TASKS. Handling time: 15. Response time: 0.
[NX Daemon Server] - 2025-05-04T11:51:10.629Z - Established a connection. Number of open connections: 2
[NX Daemon Server] - 2025-05-04T11:51:10.629Z - Closed a connection. Number of open connections: 1
[NX Daemon Server] - 2025-05-04T11:51:10.630Z - Established a connection. Number of open connections: 2
[NX Daemon Server] - 2025-05-04T11:51:10.631Z - [REQUEST]: Client Request for Project Graph Received
[NX Daemon Server] - 2025-05-04T11:51:10.632Z - [REQUEST]: Responding to the client. project-graph
[NX Daemon Server] - 2025-05-04T11:51:10.632Z - Time taken for 'total for creating and serializing project graph' 0.27870000000029904ms
[NX Daemon Server] - 2025-05-04T11:51:10.633Z - Done responding to the client project-graph
[NX Daemon Server] - 2025-05-04T11:51:10.633Z - Handled REQUEST_PROJECT_GRAPH. Handling time: 1. Response time: 1.
[NX Daemon Server] - 2025-05-04T11:51:10.746Z - [REQUEST]: Client Request for Project Graph Received
[NX Daemon Server] - 2025-05-04T11:51:10.747Z - [REQUEST]: Responding to the client. project-graph
[NX Daemon Server] - 2025-05-04T11:51:10.748Z - Time taken for 'total for creating and serializing project graph' 0.401299999999992ms
[NX Daemon Server] - 2025-05-04T11:51:10.748Z - Done responding to the client project-graph
[NX Daemon Server] - 2025-05-04T11:51:10.748Z - Handled REQUEST_PROJECT_GRAPH. Handling time: 1. Response time: 1.
[NX Daemon Server] - 2025-05-04T11:51:14.024Z - [WATCHER]: Processing file changes in outputs
[NX Daemon Server] - 2025-05-04T11:51:14.742Z - [WATCHER]: Processing file changes in outputs
[NX Daemon Server] - 2025-05-04T11:51:16.192Z - [WATCHER]: Processing file changes in outputs
[NX Daemon Server] - 2025-05-04T11:51:16.307Z - [WATCHER]: Processing file changes in outputs
[NX Daemon Server] - 2025-05-04T11:51:17.587Z - [WATCHER]: Processing file changes in outputs
[NX Daemon Server] - 2025-05-04T11:51:18.178Z - [WATCHER]: Processing file changes in outputs
[NX Daemon Server] - 2025-05-04T11:51:21.623Z - [WATCHER]: Processing file changes in outputs
[NX Daemon Server] - 2025-05-04T11:51:22.966Z - [WATCHER]: Processing file changes in outputs
[NX Daemon Server] - 2025-05-04T11:51:24.669Z - [WATCHER]: Processing file changes in outputs
[NX Daemon Server] - 2025-05-04T11:51:24.903Z - [WATCHER]: Processing file changes in outputs
[NX Daemon Server] - 2025-05-04T11:51:24.947Z - [WATCHER]: Processing file changes in outputs
[NX Daemon Server] - 2025-05-04T11:51:25.007Z - [WATCHER]: Processing file changes in outputs
[NX Daemon Server] - 2025-05-04T11:51:25.268Z - [WATCHER]: Processing file changes in outputs
[NX Daemon Server] - 2025-05-04T11:51:25.564Z - [WATCHER]: Processing file changes in outputs
[NX Daemon Server] - 2025-05-04T11:51:25.741Z - [WATCHER]: Processing file changes in outputs
[NX Daemon Server] - 2025-05-04T11:51:25.813Z - [WATCHER]: Processing file changes in outputs
[NX Daemon Server] - 2025-05-04T11:51:25.880Z - [WATCHER]: Processing file changes in outputs
[NX Daemon Server] - 2025-05-04T11:51:26.005Z - [WATCHER]: Processing file changes in outputs
[NX Daemon Server] - 2025-05-04T11:51:26.056Z - [WATCHER]: Processing file changes in outputs
[NX Daemon Server] - 2025-05-04T11:51:26.206Z - [WATCHER]: Processing file changes in outputs
[NX Daemon Server] - 2025-05-04T11:51:26.279Z - [WATCHER]: Processing file changes in outputs
[NX Daemon Server] - 2025-05-04T11:51:26.564Z - [WATCHER]: Processing file changes in outputs
[NX Daemon Server] - 2025-05-04T11:51:26.622Z - [WATCHER]: Processing file changes in outputs
[NX Daemon Server] - 2025-05-04T11:51:26.856Z - [WATCHER]: Processing file changes in outputs
[NX Daemon Server] - 2025-05-04T11:51:26.909Z - [WATCHER]: Processing file changes in outputs
[NX Daemon Server] - 2025-05-04T11:51:26.970Z - [WATCHER]: Processing file changes in outputs
[NX Daemon Server] - 2025-05-04T11:51:27.056Z - [WATCHER]: Processing file changes in outputs
[NX Daemon Server] - 2025-05-04T11:51:27.130Z - [WATCHER]: Processing file changes in outputs
[NX Daemon Server] - 2025-05-04T11:51:27.207Z - [WATCHER]: Processing file changes in outputs
[NX Daemon Server] - 2025-05-04T11:51:27.350Z - [WATCHER]: Processing file changes in outputs
[NX Daemon Server] - 2025-05-04T11:51:27.403Z - [WATCHER]: Processing file changes in outputs
[NX Daemon Server] - 2025-05-04T11:51:27.462Z - [WATCHER]: Processing file changes in outputs
[NX Daemon Server] - 2025-05-04T11:51:27.535Z - [WATCHER]: Processing file changes in outputs
[NX Daemon Server] - 2025-05-04T11:51:27.599Z - [WATCHER]: Processing file changes in outputs
[NX Daemon Server] - 2025-05-04T11:51:27.684Z - [WATCHER]: Processing file changes in outputs
[NX Daemon Server] - 2025-05-04T11:51:27.759Z - [WATCHER]: Processing file changes in outputs
[NX Daemon Server] - 2025-05-04T11:51:27.978Z - [WATCHER]: Processing file changes in outputs
[NX Daemon Server] - 2025-05-04T11:51:28.039Z - [WATCHER]: Processing file changes in outputs
[NX Daemon Server] - 2025-05-04T11:51:28.352Z - [WATCHER]: Processing file changes in outputs
[NX Daemon Server] - 2025-05-04T11:51:28.484Z - [WATCHER]: Processing file changes in outputs
[NX Daemon Server] - 2025-05-04T11:51:28.586Z - [WATCHER]: Processing file changes in outputs
[NX Daemon Server] - 2025-05-04T11:51:28.723Z - [WATCHER]: Processing file changes in outputs
[NX Daemon Server] - 2025-05-04T11:51:31.828Z - [WATCHER]: Processing file changes in outputs
[NX Daemon Server] - 2025-05-04T11:51:31.897Z - [WATCHER]: Processing file changes in outputs
[NX Daemon Server] - 2025-05-04T11:51:32.058Z - [WATCHER]: Processing file changes in outputs
[NX Daemon Server] - 2025-05-04T11:51:32.118Z - [WATCHER]: Processing file changes in outputs
[NX Daemon Server] - 2025-05-04T11:51:32.897Z - [WATCHER]: Processing file changes in outputs
[NX Daemon Server] - 2025-05-04T11:51:32.956Z - [WATCHER]: Processing file changes in outputs
[NX Daemon Server] - 2025-05-04T11:51:33.460Z - Closed a connection. Number of open connections: 1
[NX Daemon Server] - 2025-05-04T11:51:33.481Z - [WATCHER]: Processing file changes in outputs
[NX Daemon Server] - 2025-05-04T11:51:33.630Z - [WATCHER]: Processing file changes in outputs
[NX Daemon Server] - 2025-05-04T11:51:33.687Z - [REQUEST]: Responding to the client. recordOutputsHash
[NX Daemon Server] - 2025-05-04T11:51:33.687Z - [WATCHER]: Processing file changes in outputs
[NX Daemon Server] - 2025-05-04T11:51:33.687Z - Done responding to the client recordOutputsHash
[NX Daemon Server] - 2025-05-04T11:51:33.687Z - Handled RECORD_OUTPUTS_HASH. Handling time: 6. Response time: 0.
[NX Daemon Server] - 2025-05-04T11:51:34.474Z - [REQUEST]: Responding to the client. PROCESS_IN_BACKGROUND
[NX Daemon Server] - 2025-05-04T11:51:34.474Z - Done responding to the client PROCESS_IN_BACKGROUND
[NX Daemon Server] - 2025-05-04T11:51:34.474Z - Handled PROCESS_IN_BACKGROUND. Handling time: 527. Response time: 0.
[NX Daemon Server] - 2025-05-04T11:51:34.475Z - Uploading file artifacts
[NX Daemon Server] - 2025-05-04T11:51:34.529Z - Closed a connection. Number of open connections: 0
[NX Daemon Server] - 2025-05-04T11:51:34.754Z - Done uploading file artifacts
[NX Daemon Server] - 2025-05-04T11:51:34.754Z - Sending EndRun request
[NX Daemon Server] - 2025-05-04T11:51:34.915Z - Done sending EndRun request
[NX Daemon Server] - 2025-05-04T11:52:10.115Z - Established a connection. Number of open connections: 1
[NX Daemon Server] - 2025-05-04T11:52:10.115Z - Closed a connection. Number of open connections: 0
[NX Daemon Server] - 2025-05-04T11:52:10.116Z - Established a connection. Number of open connections: 1
[NX Daemon Server] - 2025-05-04T11:52:10.119Z - [REQUEST]: Client Request for Project Graph Received
[NX Daemon Server] - 2025-05-04T11:52:10.120Z - [REQUEST]: Responding to the client. project-graph
[NX Daemon Server] - 2025-05-04T11:52:10.121Z - Time taken for 'total for creating and serializing project graph' 0.7672000000020489ms
[NX Daemon Server] - 2025-05-04T11:52:10.123Z - Done responding to the client project-graph
[NX Daemon Server] - 2025-05-04T11:52:10.123Z - Handled REQUEST_PROJECT_GRAPH. Handling time: 1. Response time: 3.
[NX Daemon Server] - 2025-05-04T11:52:10.164Z - Closed a connection. Number of open connections: 0
[NX Daemon Server] - 2025-05-04T11:52:52.154Z - [WATCHER]: Processing file changes in outputs
[NX Daemon Server] - 2025-05-04T11:52:53.928Z - [WATCHER]: Processing file changes in outputs
[NX Daemon Server] - 2025-05-04T11:53:32.712Z - [WATCHER]: Processing file changes in outputs
[NX Daemon Server] - 2025-05-04T11:53:33.105Z - [WATCHER]: Processing file changes in outputs
[NX Daemon Server] - 2025-05-04T11:54:24.656Z - Established a connection. Number of open connections: 1
[NX Daemon Server] - 2025-05-04T11:54:24.656Z - Closed a connection. Number of open connections: 0
[NX Daemon Server] - 2025-05-04T11:54:24.657Z - Established a connection. Number of open connections: 1
[NX Daemon Server] - 2025-05-04T11:54:24.660Z - [REQUEST]: Client Request for Project Graph Received
[NX Daemon Server] - 2025-05-04T11:54:24.661Z - [REQUEST]: Responding to the client. project-graph
[NX Daemon Server] - 2025-05-04T11:54:24.662Z - Time taken for 'total for creating and serializing project graph' 0.5174000000115484ms
[NX Daemon Server] - 2025-05-04T11:54:24.663Z - Done responding to the client project-graph
[NX Daemon Server] - 2025-05-04T11:54:24.663Z - Handled REQUEST_PROJECT_GRAPH. Handling time: 0. Response time: 3.
[NX Daemon Server] - 2025-05-04T11:54:24.713Z - [REQUEST]: Responding to the client. handleHashTasks
[NX Daemon Server] - 2025-05-04T11:54:24.713Z - Done responding to the client handleHashTasks
[NX Daemon Server] - 2025-05-04T11:54:24.713Z - Handled HASH_TASKS. Handling time: 9. Response time: 0.
[NX Daemon Server] - 2025-05-04T11:54:24.872Z - [REQUEST]: Responding to the client. outputsHashesMatch
[NX Daemon Server] - 2025-05-04T11:54:24.872Z - Done responding to the client outputsHashesMatch
[NX Daemon Server] - 2025-05-04T11:54:24.872Z - Handled OUTPUTS_HASHES_MATCH. Handling time: 5. Response time: 0.
[NX Daemon Server] - 2025-05-04T11:54:24.879Z - [REQUEST]: Responding to the client. recordOutputsHash
[NX Daemon Server] - 2025-05-04T11:54:24.879Z - Done responding to the client recordOutputsHash
[NX Daemon Server] - 2025-05-04T11:54:24.879Z - Handled RECORD_OUTPUTS_HASH. Handling time: 5. Response time: 0.
[NX Daemon Server] - 2025-05-04T11:54:25.359Z - [REQUEST]: Responding to the client. PROCESS_IN_BACKGROUND
[NX Daemon Server] - 2025-05-04T11:54:25.359Z - Done responding to the client PROCESS_IN_BACKGROUND
[NX Daemon Server] - 2025-05-04T11:54:25.359Z - Handled PROCESS_IN_BACKGROUND. Handling time: 393. Response time: 0.
[NX Daemon Server] - 2025-05-04T11:54:25.359Z - Uploading file artifacts
[NX Daemon Server] - 2025-05-04T11:54:25.359Z - Done uploading file artifacts
[NX Daemon Server] - 2025-05-04T11:54:25.360Z - Sending EndRun request
[NX Daemon Server] - 2025-05-04T11:54:25.368Z - Closed a connection. Number of open connections: 0
[NX Daemon Server] - 2025-05-04T11:54:25.540Z - Done sending EndRun request
[NX Daemon Server] - 2025-05-04T11:55:36.045Z - [WATCHER]: Processing file changes in outputs
[NX Daemon Server] - 2025-05-04T11:55:45.162Z - [WATCHER]: Processing file changes in outputs
[NX Daemon Server] - 2025-05-04T11:56:07.762Z - [WATCHER]: Processing file changes in outputs
[NX Daemon Server] - 2025-05-04T11:56:08.159Z - [WATCHER]: Processing file changes in outputs
[NX Daemon Server] - 2025-05-04T11:58:02.548Z - [WATCHER]: package.json was modified
[NX Daemon Server] - 2025-05-04T11:58:02.549Z - [WATCHER]: Processing file changes in outputs
[NX Daemon Server] - 2025-05-04T11:58:02.658Z - [REQUEST]: Updated workspace context based on watched changes, recomputing project graph...
[NX Daemon Server] - 2025-05-04T11:58:02.658Z - [REQUEST]: package.json
[NX Daemon Server] - 2025-05-04T11:58:02.658Z - [REQUEST]: 
[NX Daemon Server] - 2025-05-04T11:58:02.660Z - Time taken for 'hash changed files from watcher' 0.44820000004256144ms
[NX Daemon Server] - 2025-05-04T11:58:02.683Z - Time taken for 'build-project-configs' 17.26729999994859ms
[NX Daemon Server] - 2025-05-04T11:58:02.717Z - [SYNC]: collect registered sync generators
[NX Daemon Server] - 2025-05-04T11:58:02.717Z - [SYNC]: project graph hash is the same, not collecting task sync generators
[NX Daemon Server] - 2025-05-04T11:58:02.717Z - [SYNC]: nx.json hash is the same, not collecting global sync generators
[NX Daemon Server] - 2025-05-04T11:58:02.717Z - [SYNC]: scheduling: []
[NX Daemon Server] - 2025-05-04T11:58:02.717Z - Time taken for 'total execution time for createProjectGraph()' 29.911800000001676ms
[NX Daemon Server] - 2025-05-04T11:58:02.938Z - [WATCHER]: Processing file changes in outputs
[NX Daemon Server] - 2025-05-04T11:58:02.938Z - [WATCHER]: Stopping the watcher for C:\Users\Usuario\Downloads\portfolio-main\portfolio-main (sources)
[NX Daemon Server] - 2025-05-04T11:58:02.938Z - [WATCHER]: Stopping the watcher for C:\Users\Usuario\Downloads\portfolio-main\portfolio-main (outputs)
[NX Daemon Server] - 2025-05-04T11:58:02.939Z - Server stopped because: "LOCK_FILES_CHANGED"
[NX Daemon Server] - 2025-05-05T07:46:15.056Z - Started listening on: \\.\pipe\nx\C:\Users\Usuario\AppData\Local\Temp\447b5806aaaf92ceda02\d.sock
[NX Daemon Server] - 2025-05-05T07:46:15.059Z - [WATCHER]: Subscribed to changes within: C:\Users\Usuario\Desktop\cosas\PROYECTOS\portfolio-main (native)
[NX Daemon Server] - 2025-05-05T07:46:15.065Z - Established a connection. Number of open connections: 1
[NX Daemon Server] - 2025-05-05T07:46:15.067Z - Closed a connection. Number of open connections: 0
[NX Daemon Server] - 2025-05-05T07:46:15.067Z - Established a connection. Number of open connections: 1
[NX Daemon Server] - 2025-05-05T07:46:15.068Z - [REQUEST]: Client Request for Project Graph Received
[NX Daemon Server] - 2025-05-05T07:46:15.266Z - [REQUEST]: Updated workspace context based on watched changes, recomputing project graph...
[NX Daemon Server] - 2025-05-05T07:46:15.266Z - [REQUEST]: 
[NX Daemon Server] - 2025-05-05T07:46:15.266Z - [REQUEST]: 
[NX Daemon Server] - 2025-05-05T07:46:15.271Z - Time taken for 'loadNxPlugins' 196.1299ms
[NX Daemon Server] - 2025-05-05T07:46:15.313Z - Time taken for 'build-project-configs' 26.32650000000001ms
[NX Daemon Server] - 2025-05-05T07:46:15.588Z - [SYNC]: collect registered sync generators
[NX Daemon Server] - 2025-05-05T07:46:15.589Z - [SYNC]: scheduling: []
[NX Daemon Server] - 2025-05-05T07:46:15.589Z - [REQUEST]: Responding to the client. project-graph
[NX Daemon Server] - 2025-05-05T07:46:15.590Z - Time taken for 'total for creating and serializing project graph' 520.7237ms
[NX Daemon Server] - 2025-05-05T07:46:15.591Z - Done responding to the client project-graph
[NX Daemon Server] - 2025-05-05T07:46:15.591Z - Handled REQUEST_PROJECT_GRAPH. Handling time: 521. Response time: 2.
[NX Daemon Server] - 2025-05-05T07:46:15.654Z - [REQUEST]: Responding to the client. handleHashTasks
[NX Daemon Server] - 2025-05-05T07:46:15.655Z - Done responding to the client handleHashTasks
[NX Daemon Server] - 2025-05-05T07:46:15.655Z - Handled HASH_TASKS. Handling time: 15. Response time: 1.
[NX Daemon Server] - 2025-05-05T07:46:17.781Z - [REQUEST]: Responding to the client. recordOutputsHash
[NX Daemon Server] - 2025-05-05T07:46:17.782Z - Done responding to the client recordOutputsHash
[NX Daemon Server] - 2025-05-05T07:46:17.782Z - Handled RECORD_OUTPUTS_HASH. Handling time: 2. Response time: 1.
[NX Daemon Server] - 2025-05-05T07:46:18.311Z - [REQUEST]: Responding to the client. PROCESS_IN_BACKGROUND
[NX Daemon Server] - 2025-05-05T07:46:18.311Z - Uploading file artifacts
[NX Daemon Server] - 2025-05-05T07:46:18.317Z - Done responding to the client PROCESS_IN_BACKGROUND
[NX Daemon Server] - 2025-05-05T07:46:18.317Z - Handled PROCESS_IN_BACKGROUND. Handling time: 445. Response time: 6.
[NX Daemon Server] - 2025-05-05T07:46:18.318Z - Closed a connection. Number of open connections: 0
[NX Daemon Server] - 2025-05-05T07:46:18.582Z - Done uploading file artifacts
[NX Daemon Server] - 2025-05-05T07:46:18.582Z - Sending EndRun request
[NX Daemon Server] - 2025-05-05T07:46:18.745Z - Done sending EndRun request
[NX Daemon Server] - 2025-05-05T07:47:43.093Z - [WATCHER]: Processing file changes in outputs
[NX Daemon Server] - 2025-05-05T07:47:43.095Z - [WATCHER]: package.json was modified
[NX Daemon Server] - 2025-05-05T07:47:43.202Z - [REQUEST]: Updated workspace context based on watched changes, recomputing project graph...
[NX Daemon Server] - 2025-05-05T07:47:43.202Z - [REQUEST]: package.json
[NX Daemon Server] - 2025-05-05T07:47:43.202Z - [REQUEST]: 
[NX Daemon Server] - 2025-05-05T07:47:43.204Z - Time taken for 'hash changed files from watcher' 0.3496000000013737ms
[NX Daemon Server] - 2025-05-05T07:47:43.226Z - Time taken for 'build-project-configs' 16.2098999999871ms
[NX Daemon Server] - 2025-05-05T07:47:43.260Z - [SYNC]: collect registered sync generators
[NX Daemon Server] - 2025-05-05T07:47:43.261Z - [SYNC]: project graph hash is the same, not collecting task sync generators
[NX Daemon Server] - 2025-05-05T07:47:43.261Z - [SYNC]: nx.json hash is the same, not collecting global sync generators
[NX Daemon Server] - 2025-05-05T07:47:43.261Z - [SYNC]: scheduling: []
[NX Daemon Server] - 2025-05-05T07:47:43.261Z - Time taken for 'total execution time for createProjectGraph()' 30.138299999991432ms
[NX Daemon Server] - 2025-05-05T07:47:43.498Z - [WATCHER]: Processing file changes in outputs
[NX Daemon Server] - 2025-05-05T07:47:43.498Z - [WATCHER]: Stopping the watcher for C:\Users\Usuario\Desktop\cosas\PROYECTOS\portfolio-main (sources)
[NX Daemon Server] - 2025-05-05T07:47:43.499Z - [WATCHER]: Stopping the watcher for C:\Users\Usuario\Desktop\cosas\PROYECTOS\portfolio-main (outputs)
[NX Daemon Server] - 2025-05-05T07:47:43.500Z - Server stopped because: "LOCK_FILES_CHANGED"
[NX Daemon Server] - 2025-05-05T07:49:27.520Z - Started listening on: \\.\pipe\nx\C:\Users\Usuario\AppData\Local\Temp\447b5806aaaf92ceda02\d.sock
[NX Daemon Server] - 2025-05-05T07:49:27.523Z - [WATCHER]: Subscribed to changes within: C:\Users\Usuario\Desktop\cosas\PROYECTOS\portfolio-main (native)
[NX Daemon Server] - 2025-05-05T07:49:27.530Z - Established a connection. Number of open connections: 1
[NX Daemon Server] - 2025-05-05T07:49:27.532Z - Closed a connection. Number of open connections: 0
[NX Daemon Server] - 2025-05-05T07:49:27.532Z - Established a connection. Number of open connections: 1
[NX Daemon Server] - 2025-05-05T07:49:27.534Z - [REQUEST]: Responding to the client. Shutdown initiated
[NX Daemon Server] - 2025-05-05T07:49:27.534Z - Done responding to the client Shutdown initiated
[NX Daemon Server] - 2025-05-05T07:49:27.534Z - Handled FORCE_SHUTDOWN. Handling time: 0. Response time: 0.
[NX Daemon Server] - 2025-05-05T07:49:27.543Z - [WATCHER]: Stopping the watcher for C:\Users\Usuario\Desktop\cosas\PROYECTOS\portfolio-main (sources)
[NX Daemon Server] - 2025-05-05T07:49:27.543Z - Closed a connection. Number of open connections: 0
[NX Daemon Server] - 2025-05-05T07:49:27.544Z - [WATCHER]: Stopping the watcher for C:\Users\Usuario\Desktop\cosas\PROYECTOS\portfolio-main (outputs)
[NX Daemon Server] - 2025-05-05T07:49:34.631Z - Started listening on: \\.\pipe\nx\C:\Users\Usuario\AppData\Local\Temp\447b5806aaaf92ceda02\d.sock
[NX Daemon Server] - 2025-05-05T07:49:34.633Z - [WATCHER]: Subscribed to changes within: C:\Users\Usuario\Desktop\cosas\PROYECTOS\portfolio-main (native)
[NX Daemon Server] - 2025-05-05T07:49:34.636Z - Established a connection. Number of open connections: 1
[NX Daemon Server] - 2025-05-05T07:49:34.638Z - Closed a connection. Number of open connections: 0
[NX Daemon Server] - 2025-05-05T07:49:34.638Z - Established a connection. Number of open connections: 1
[NX Daemon Server] - 2025-05-05T07:49:34.639Z - [REQUEST]: Client Request for Project Graph Received
[NX Daemon Server] - 2025-05-05T07:49:34.825Z - [REQUEST]: Updated workspace context based on watched changes, recomputing project graph...
[NX Daemon Server] - 2025-05-05T07:49:34.825Z - [REQUEST]: 
[NX Daemon Server] - 2025-05-05T07:49:34.826Z - [REQUEST]: 
[NX Daemon Server] - 2025-05-05T07:49:34.831Z - Time taken for 'loadNxPlugins' 184.87830000000002ms
[NX Daemon Server] - 2025-05-05T07:49:34.862Z - Time taken for 'build-project-configs' 17.331699999999955ms
[NX Daemon Server] - 2025-05-05T07:49:34.893Z - [SYNC]: collect registered sync generators
[NX Daemon Server] - 2025-05-05T07:49:34.894Z - [SYNC]: scheduling: []
[NX Daemon Server] - 2025-05-05T07:49:34.894Z - [REQUEST]: Responding to the client. project-graph
[NX Daemon Server] - 2025-05-05T07:49:34.894Z - Time taken for 'total for creating and serializing project graph' 254.44969999999998ms
[NX Daemon Server] - 2025-05-05T07:49:34.896Z - Done responding to the client project-graph
[NX Daemon Server] - 2025-05-05T07:49:34.896Z - Handled REQUEST_PROJECT_GRAPH. Handling time: 255. Response time: 2.
[NX Daemon Server] - 2025-05-05T07:49:34.957Z - [REQUEST]: Responding to the client. handleHashTasks
[NX Daemon Server] - 2025-05-05T07:49:34.957Z - Done responding to the client handleHashTasks
[NX Daemon Server] - 2025-05-05T07:49:34.957Z - Handled HASH_TASKS. Handling time: 16. Response time: 0.
[NX Daemon Server] - 2025-05-05T07:49:36.890Z - Established a connection. Number of open connections: 2
[NX Daemon Server] - 2025-05-05T07:49:36.891Z - Closed a connection. Number of open connections: 1
[NX Daemon Server] - 2025-05-05T07:49:36.891Z - Established a connection. Number of open connections: 2
[NX Daemon Server] - 2025-05-05T07:49:36.893Z - [REQUEST]: Client Request for Project Graph Received
[NX Daemon Server] - 2025-05-05T07:49:36.893Z - [REQUEST]: Responding to the client. project-graph
[NX Daemon Server] - 2025-05-05T07:49:36.894Z - Time taken for 'total for creating and serializing project graph' 0.2748999999998887ms
[NX Daemon Server] - 2025-05-05T07:49:36.895Z - Done responding to the client project-graph
[NX Daemon Server] - 2025-05-05T07:49:36.895Z - Handled REQUEST_PROJECT_GRAPH. Handling time: 0. Response time: 2.
[NX Daemon Server] - 2025-05-05T07:49:37.013Z - [REQUEST]: Client Request for Project Graph Received
[NX Daemon Server] - 2025-05-05T07:49:37.013Z - [REQUEST]: Responding to the client. project-graph
[NX Daemon Server] - 2025-05-05T07:49:37.014Z - Time taken for 'total for creating and serializing project graph' 0.4420000000000073ms
[NX Daemon Server] - 2025-05-05T07:49:37.015Z - Done responding to the client project-graph
[NX Daemon Server] - 2025-05-05T07:49:37.015Z - Handled REQUEST_PROJECT_GRAPH. Handling time: 0. Response time: 2.
[NX Daemon Server] - 2025-05-05T07:49:40.219Z - [WATCHER]: Processing file changes in outputs
[NX Daemon Server] - 2025-05-05T07:49:40.959Z - [WATCHER]: Processing file changes in outputs
[NX Daemon Server] - 2025-05-05T07:49:42.240Z - [WATCHER]: Processing file changes in outputs
[NX Daemon Server] - 2025-05-05T07:49:42.346Z - [WATCHER]: Processing file changes in outputs
[NX Daemon Server] - 2025-05-05T07:49:43.589Z - [WATCHER]: Processing file changes in outputs
[NX Daemon Server] - 2025-05-05T07:49:44.194Z - [WATCHER]: Processing file changes in outputs
[NX Daemon Server] - 2025-05-05T07:49:47.632Z - [WATCHER]: Processing file changes in outputs
[NX Daemon Server] - 2025-05-05T07:49:48.979Z - [WATCHER]: Processing file changes in outputs
[NX Daemon Server] - 2025-05-05T07:49:50.574Z - [WATCHER]: Processing file changes in outputs
[NX Daemon Server] - 2025-05-05T07:49:50.681Z - [WATCHER]: Processing file changes in outputs
[NX Daemon Server] - 2025-05-05T07:49:50.808Z - [WATCHER]: Processing file changes in outputs
[NX Daemon Server] - 2025-05-05T07:49:50.868Z - [WATCHER]: Processing file changes in outputs
[NX Daemon Server] - 2025-05-05T07:49:50.930Z - [WATCHER]: Processing file changes in outputs
[NX Daemon Server] - 2025-05-05T07:49:51.222Z - [WATCHER]: Processing file changes in outputs
[NX Daemon Server] - 2025-05-05T07:49:51.455Z - [WATCHER]: Processing file changes in outputs
[NX Daemon Server] - 2025-05-05T07:49:51.655Z - [WATCHER]: Processing file changes in outputs
[NX Daemon Server] - 2025-05-05T07:49:51.733Z - [WATCHER]: Processing file changes in outputs
[NX Daemon Server] - 2025-05-05T07:49:51.797Z - [WATCHER]: Processing file changes in outputs
[NX Daemon Server] - 2025-05-05T07:49:51.922Z - [WATCHER]: Processing file changes in outputs
[NX Daemon Server] - 2025-05-05T07:49:51.999Z - [WATCHER]: Processing file changes in outputs
[NX Daemon Server] - 2025-05-05T07:49:52.077Z - [WATCHER]: Processing file changes in outputs
[NX Daemon Server] - 2025-05-05T07:49:52.249Z - [WATCHER]: Processing file changes in outputs
[NX Daemon Server] - 2025-05-05T07:49:52.435Z - [WATCHER]: Processing file changes in outputs
[NX Daemon Server] - 2025-05-05T07:49:52.606Z - [WATCHER]: Processing file changes in outputs
[NX Daemon Server] - 2025-05-05T07:49:52.850Z - [WATCHER]: Processing file changes in outputs
[NX Daemon Server] - 2025-05-05T07:49:52.902Z - [WATCHER]: Processing file changes in outputs
[NX Daemon Server] - 2025-05-05T07:49:52.964Z - [WATCHER]: Processing file changes in outputs
[NX Daemon Server] - 2025-05-05T07:49:53.059Z - [WATCHER]: Processing file changes in outputs
[NX Daemon Server] - 2025-05-05T07:49:53.135Z - [WATCHER]: Processing file changes in outputs
[NX Daemon Server] - 2025-05-05T07:49:53.214Z - [WATCHER]: Processing file changes in outputs
[NX Daemon Server] - 2025-05-05T07:49:53.275Z - [WATCHER]: Processing file changes in outputs
[NX Daemon Server] - 2025-05-05T07:49:53.445Z - [WATCHER]: Processing file changes in outputs
[NX Daemon Server] - 2025-05-05T07:49:53.569Z - [WATCHER]: Processing file changes in outputs
[NX Daemon Server] - 2025-05-05T07:49:53.631Z - [WATCHER]: Processing file changes in outputs
[NX Daemon Server] - 2025-05-05T07:49:53.693Z - [WATCHER]: Processing file changes in outputs
[NX Daemon Server] - 2025-05-05T07:49:53.785Z - [WATCHER]: Processing file changes in outputs
[NX Daemon Server] - 2025-05-05T07:49:54.060Z - [WATCHER]: Processing file changes in outputs
[NX Daemon Server] - 2025-05-05T07:49:54.124Z - [WATCHER]: Processing file changes in outputs
[NX Daemon Server] - 2025-05-05T07:49:54.449Z - [WATCHER]: Processing file changes in outputs
[NX Daemon Server] - 2025-05-05T07:49:54.604Z - [WATCHER]: Processing file changes in outputs
[NX Daemon Server] - 2025-05-05T07:49:54.698Z - [WATCHER]: Processing file changes in outputs
[NX Daemon Server] - 2025-05-05T07:49:54.839Z - [WATCHER]: Processing file changes in outputs
[NX Daemon Server] - 2025-05-05T07:49:58.374Z - [WATCHER]: Processing file changes in outputs
[NX Daemon Server] - 2025-05-05T07:49:58.435Z - [WATCHER]: Processing file changes in outputs
[NX Daemon Server] - 2025-05-05T07:49:58.500Z - [WATCHER]: Processing file changes in outputs
[NX Daemon Server] - 2025-05-05T07:49:58.715Z - [WATCHER]: Processing file changes in outputs
[NX Daemon Server] - 2025-05-05T07:49:59.638Z - [WATCHER]: Processing file changes in outputs
[NX Daemon Server] - 2025-05-05T07:49:59.699Z - [WATCHER]: Processing file changes in outputs
[NX Daemon Server] - 2025-05-05T07:50:00.236Z - Closed a connection. Number of open connections: 1
[NX Daemon Server] - 2025-05-05T07:50:00.259Z - [WATCHER]: Processing file changes in outputs
[NX Daemon Server] - 2025-05-05T07:50:00.449Z - [WATCHER]: Processing file changes in outputs
[NX Daemon Server] - 2025-05-05T07:50:00.451Z - [WATCHER]: 0 file(s) created or restored, 21 file(s) modified, 0 file(s) deleted
[NX Daemon Server] - 2025-05-05T07:50:00.501Z - [REQUEST]: Responding to the client. recordOutputsHash
[NX Daemon Server] - 2025-05-05T07:50:00.501Z - Done responding to the client recordOutputsHash
[NX Daemon Server] - 2025-05-05T07:50:00.501Z - Handled RECORD_OUTPUTS_HASH. Handling time: 7. Response time: 0.
[NX Daemon Server] - 2025-05-05T07:50:00.504Z - [WATCHER]: 0 file(s) created or restored, 29 file(s) modified, 0 file(s) deleted
[NX Daemon Server] - 2025-05-05T07:50:00.505Z - [WATCHER]: Processing file changes in outputs
[NX Daemon Server] - 2025-05-05T07:50:00.556Z - [REQUEST]: Updated workspace context based on watched changes, recomputing project graph...
[NX Daemon Server] - 2025-05-05T07:50:00.557Z - [REQUEST]: dist/apps/personal-portfolio/public/assets/ai900.pdf,dist/apps/personal-portfolio/next.config.js,dist/apps/personal-portfolio/public/.gitkeep,dist/apps/personal-portfolio/public/assets/blog-lg.png,dist/apps/personal-portfolio/public/assets/ai900.png,dist/apps/personal-portfolio/package.json,dist/apps/personal-portfolio/public/assets/404.jpg,dist/apps/personal-portfolio/public/assets/case-studies/abc.png,dist/apps/personal-portfolio/public/assets/b1.jpg,dist/apps/personal-portfolio/public/assets/blog.png,dist/apps/personal-portfolio/.nx-helpers/compose-plugins.js,dist/apps/personal-portfolio/.nx-helpers/with-nx.js,dist/apps/personal-portfolio/public/assets/case-studies/lg.png,dist/apps/personal-portfolio/public/assets/case-studies/lu.png,dist/apps/personal-portfolio/.nx-helpers/compiled.js,dist/apps/personal-portfolio/public/assets/cv/caDarioMesasCV.pdf,dist/apps/personal-portfolio/public/assets/case-studies/sg.png,dist/apps/personal-portfolio/public/assets/credentials.png,dist/apps/personal-portfolio/public/assets/cv/enDarioMesasCV.pdf,dist/apps/personal-portfolio/public/assets/cv/esDarioMesas.pdf,dist/apps/personal-portfolio/public/assets/bg1.png,dist/apps/personal-portfolio/public/assets/signature.png,dist/apps/personal-portfolio/public/assets/flags/flagca.png,dist/apps/personal-portfolio/public/assets/tbd.jpg,dist/apps/personal-portfolio/public/favicon.ico,dist/apps/personal-portfolio/public/assets/star1.svg,dist/apps/personal-portfolio/public/assets/icons/icon.svg,dist/apps/personal-portfolio/public/assets/icons/icon.png,dist/apps/personal-portfolio/public/assets/icons/icon-2.svg,dist/apps/personal-portfolio/public/assets/dp900.pdf,dist/apps/personal-portfolio/public/assets/icons/cta-icon.svg,dist/apps/personal-portfolio/public/assets/star-2.png,dist/apps/personal-portfolio/public/assets/icons/icon2.png,dist/apps/personal-portfolio/public/assets/DarioMesasCV.pdf,dist/apps/personal-portfolio/public/assets/icons/icon3-2.png,dist/apps/personal-portfolio/public/assets/flags/flages.png,dist/apps/personal-portfolio/public/assets/star-2-2.png,dist/apps/personal-portfolio/public/assets/portfolio.png,dist/apps/personal-portfolio/public/assets/profilelg.jpg,dist/apps/personal-portfolio/public/assets/flags/flagen.png,dist/apps/personal-portfolio/public/assets/dp900.png,dist/apps/personal-portfolio/public/assets/profilesm.jpg,dist/apps/personal-portfolio/public/assets/icons/icon3.png,dist/apps/personal-portfolio/public/assets/ms900.pdf,dist/apps/personal-portfolio/public/assets/md102.pdf,dist/apps/personal-portfolio/public/assets/md102.png,dist/apps/personal-portfolio/public/assets/icons/icon2-2.png,dist/apps/personal-portfolio/public/assets/cv.jpg,dist/apps/personal-portfolio/public/assets/ms900.png
[NX Daemon Server] - 2025-05-05T07:50:00.557Z - [REQUEST]: 
[NX Daemon Server] - 2025-05-05T07:50:00.560Z - Time taken for 'hash changed files from watcher' 2.1507000000019616ms
[NX Daemon Server] - 2025-05-05T07:50:00.582Z - Time taken for 'build-project-configs' 17.311600000000908ms
[NX Daemon Server] - 2025-05-05T07:50:00.617Z - [SYNC]: collect registered sync generators
[NX Daemon Server] - 2025-05-05T07:50:00.617Z - [SYNC]: project graph hash is the same, not collecting task sync generators
[NX Daemon Server] - 2025-05-05T07:50:00.617Z - [SYNC]: nx.json hash is the same, not collecting global sync generators
[NX Daemon Server] - 2025-05-05T07:50:00.617Z - [SYNC]: scheduling: []
[NX Daemon Server] - 2025-05-05T07:50:00.618Z - Time taken for 'total execution time for createProjectGraph()' 30.58820000000196ms
[NX Daemon Server] - 2025-05-05T07:50:01.149Z - [REQUEST]: Responding to the client. PROCESS_IN_BACKGROUND
[NX Daemon Server] - 2025-05-05T07:50:01.149Z - Uploading file artifacts
[NX Daemon Server] - 2025-05-05T07:50:01.201Z - Done responding to the client PROCESS_IN_BACKGROUND
[NX Daemon Server] - 2025-05-05T07:50:01.201Z - Handled PROCESS_IN_BACKGROUND. Handling time: 429. Response time: 52.
[NX Daemon Server] - 2025-05-05T07:50:01.202Z - Closed a connection. Number of open connections: 0
[NX Daemon Server] - 2025-05-05T07:50:01.420Z - Done uploading file artifacts
[NX Daemon Server] - 2025-05-05T07:50:01.420Z - Sending EndRun request
[NX Daemon Server] - 2025-05-05T07:50:01.591Z - Done sending EndRun request
[NX Daemon Server] - 2025-05-05T07:50:47.997Z - [WATCHER]: Processing file changes in outputs
[NX Daemon Server] - 2025-05-05T07:50:47.997Z - [WATCHER]: Stopping the watcher for C:\Users\Usuario\Desktop\cosas\PROYECTOS\portfolio-main (sources)
[NX Daemon Server] - 2025-05-05T07:50:47.997Z - [WATCHER]: Stopping the watcher for C:\Users\Usuario\Desktop\cosas\PROYECTOS\portfolio-main (sources)
[NX Daemon Server] - 2025-05-05T07:58:33.195Z - Started listening on: \\.\pipe\nx\C:\Users\Usuario\AppData\Local\Temp\447b5806aaaf92ceda02\d.sock
[NX Daemon Server] - 2025-05-05T07:58:33.197Z - [WATCHER]: Subscribed to changes within: C:\Users\Usuario\Desktop\cosas\PROYECTOS\portfolio-main (native)
[NX Daemon Server] - 2025-05-05T07:58:33.209Z - Established a connection. Number of open connections: 1
[NX Daemon Server] - 2025-05-05T07:58:33.210Z - Closed a connection. Number of open connections: 0
[NX Daemon Server] - 2025-05-05T07:58:33.211Z - Established a connection. Number of open connections: 1
[NX Daemon Server] - 2025-05-05T07:58:33.212Z - [REQUEST]: Client Request for Project Graph Received
[NX Daemon Server] - 2025-05-05T07:58:33.394Z - [REQUEST]: Updated workspace context based on watched changes, recomputing project graph...
[NX Daemon Server] - 2025-05-05T07:58:33.394Z - [REQUEST]: 
[NX Daemon Server] - 2025-05-05T07:58:33.394Z - [REQUEST]: 
[NX Daemon Server] - 2025-05-05T07:58:33.400Z - Time taken for 'loadNxPlugins' 181.2065ms
[NX Daemon Server] - 2025-05-05T07:58:33.441Z - Time taken for 'build-project-configs' 26.76219999999995ms
[NX Daemon Server] - 2025-05-05T07:58:33.513Z - [SYNC]: collect registered sync generators
[NX Daemon Server] - 2025-05-05T07:58:33.514Z - [SYNC]: scheduling: []
[NX Daemon Server] - 2025-05-05T07:58:33.514Z - [REQUEST]: Responding to the client. project-graph
[NX Daemon Server] - 2025-05-05T07:58:33.515Z - Time taken for 'total for creating and serializing project graph' 302.3042ms
[NX Daemon Server] - 2025-05-05T07:58:33.516Z - Done responding to the client project-graph
[NX Daemon Server] - 2025-05-05T07:58:33.517Z - Handled REQUEST_PROJECT_GRAPH. Handling time: 302. Response time: 3.
[NX Daemon Server] - 2025-05-05T07:58:33.578Z - [REQUEST]: Responding to the client. handleHashTasks
[NX Daemon Server] - 2025-05-05T07:58:33.578Z - Done responding to the client handleHashTasks
[NX Daemon Server] - 2025-05-05T07:58:33.578Z - Handled HASH_TASKS. Handling time: 16. Response time: 0.
[NX Daemon Server] - 2025-05-05T07:58:35.586Z - Established a connection. Number of open connections: 2
[NX Daemon Server] - 2025-05-05T07:58:35.587Z - Closed a connection. Number of open connections: 1
[NX Daemon Server] - 2025-05-05T07:58:35.587Z - Established a connection. Number of open connections: 2
[NX Daemon Server] - 2025-05-05T07:58:35.589Z - [REQUEST]: Client Request for Project Graph Received
[NX Daemon Server] - 2025-05-05T07:58:35.589Z - [REQUEST]: Responding to the client. project-graph
[NX Daemon Server] - 2025-05-05T07:58:35.590Z - Time taken for 'total for creating and serializing project graph' 0.29240000000027067ms
[NX Daemon Server] - 2025-05-05T07:58:35.591Z - Done responding to the client project-graph
[NX Daemon Server] - 2025-05-05T07:58:35.591Z - Handled REQUEST_PROJECT_GRAPH. Handling time: 0. Response time: 2.
[NX Daemon Server] - 2025-05-05T07:58:35.729Z - [REQUEST]: Client Request for Project Graph Received
[NX Daemon Server] - 2025-05-05T07:58:35.729Z - [REQUEST]: Responding to the client. project-graph
[NX Daemon Server] - 2025-05-05T07:58:35.730Z - Time taken for 'total for creating and serializing project graph' 0.3692999999998392ms
[NX Daemon Server] - 2025-05-05T07:58:35.730Z - Done responding to the client project-graph
[NX Daemon Server] - 2025-05-05T07:58:35.731Z - Handled REQUEST_PROJECT_GRAPH. Handling time: 0. Response time: 2.
[NX Daemon Server] - 2025-05-05T07:58:37.694Z - [WATCHER]: Processing file changes in outputs
[NX Daemon Server] - 2025-05-05T07:58:39.272Z - [WATCHER]: Processing file changes in outputs
[NX Daemon Server] - 2025-05-05T07:58:40.546Z - [WATCHER]: Processing file changes in outputs
[NX Daemon Server] - 2025-05-05T07:58:40.655Z - [WATCHER]: Processing file changes in outputs
[NX Daemon Server] - 2025-05-05T07:58:41.911Z - [WATCHER]: Processing file changes in outputs
[NX Daemon Server] - 2025-05-05T07:58:42.408Z - [WATCHER]: Processing file changes in outputs
[NX Daemon Server] - 2025-05-05T07:58:46.839Z - [WATCHER]: Processing file changes in outputs
[NX Daemon Server] - 2025-05-05T07:58:48.265Z - [WATCHER]: Processing file changes in outputs
[NX Daemon Server] - 2025-05-05T07:58:48.339Z - [WATCHER]: Processing file changes in outputs
[NX Daemon Server] - 2025-05-05T07:58:49.994Z - [WATCHER]: Processing file changes in outputs
[NX Daemon Server] - 2025-05-05T07:58:50.065Z - [WATCHER]: Processing file changes in outputs
[NX Daemon Server] - 2025-05-05T07:58:50.255Z - [WATCHER]: Processing file changes in outputs
[NX Daemon Server] - 2025-05-05T07:58:50.301Z - [WATCHER]: Processing file changes in outputs
[NX Daemon Server] - 2025-05-05T07:58:50.378Z - [WATCHER]: Processing file changes in outputs
[NX Daemon Server] - 2025-05-05T07:58:50.688Z - [WATCHER]: Processing file changes in outputs
[NX Daemon Server] - 2025-05-05T07:58:51.015Z - [WATCHER]: Processing file changes in outputs
[NX Daemon Server] - 2025-05-05T07:58:51.217Z - [WATCHER]: Processing file changes in outputs
[NX Daemon Server] - 2025-05-05T07:58:51.295Z - [WATCHER]: Processing file changes in outputs
[NX Daemon Server] - 2025-05-05T07:58:51.364Z - [WATCHER]: Processing file changes in outputs
[NX Daemon Server] - 2025-05-05T07:58:51.434Z - [WATCHER]: Processing file changes in outputs
[NX Daemon Server] - 2025-05-05T07:58:51.543Z - [WATCHER]: Processing file changes in outputs
[NX Daemon Server] - 2025-05-05T07:58:51.604Z - [WATCHER]: Processing file changes in outputs
[NX Daemon Server] - 2025-05-05T07:58:51.684Z - [WATCHER]: Processing file changes in outputs
[NX Daemon Server] - 2025-05-05T07:58:51.855Z - [WATCHER]: Processing file changes in outputs
[NX Daemon Server] - 2025-05-05T07:58:52.044Z - [WATCHER]: Processing file changes in outputs
[NX Daemon Server] - 2025-05-05T07:58:52.232Z - [WATCHER]: Processing file changes in outputs
[NX Daemon Server] - 2025-05-05T07:58:52.468Z - [WATCHER]: Processing file changes in outputs
[NX Daemon Server] - 2025-05-05T07:58:52.531Z - [WATCHER]: Processing file changes in outputs
[NX Daemon Server] - 2025-05-05T07:58:52.608Z - [WATCHER]: Processing file changes in outputs
[NX Daemon Server] - 2025-05-05T07:58:52.702Z - [WATCHER]: Processing file changes in outputs
[NX Daemon Server] - 2025-05-05T07:58:52.781Z - [WATCHER]: Processing file changes in outputs
[NX Daemon Server] - 2025-05-05T07:58:52.875Z - [WATCHER]: Processing file changes in outputs
[NX Daemon Server] - 2025-05-05T07:58:52.938Z - [WATCHER]: Processing file changes in outputs
[NX Daemon Server] - 2025-05-05T07:58:53.098Z - [WATCHER]: Processing file changes in outputs
[NX Daemon Server] - 2025-05-05T07:58:53.156Z - [WATCHER]: Processing file changes in outputs
[NX Daemon Server] - 2025-05-05T07:58:53.235Z - [WATCHER]: Processing file changes in outputs
[NX Daemon Server] - 2025-05-05T07:58:53.298Z - [WATCHER]: Processing file changes in outputs
[NX Daemon Server] - 2025-05-05T07:58:53.377Z - [WATCHER]: Processing file changes in outputs
[NX Daemon Server] - 2025-05-05T07:58:53.471Z - [WATCHER]: Processing file changes in outputs
[NX Daemon Server] - 2025-05-05T07:58:53.749Z - [WATCHER]: Processing file changes in outputs
[NX Daemon Server] - 2025-05-05T07:58:53.807Z - [WATCHER]: Processing file changes in outputs
[NX Daemon Server] - 2025-05-05T07:58:53.866Z - [WATCHER]: Processing file changes in outputs
[NX Daemon Server] - 2025-05-05T07:58:54.165Z - [WATCHER]: Processing file changes in outputs
[NX Daemon Server] - 2025-05-05T07:58:54.322Z - [WATCHER]: Processing file changes in outputs
[NX Daemon Server] - 2025-05-05T07:58:54.416Z - [WATCHER]: Processing file changes in outputs
[NX Daemon Server] - 2025-05-05T07:58:54.572Z - [WATCHER]: Processing file changes in outputs
[NX Daemon Server] - 2025-05-05T07:58:58.235Z - [WATCHER]: Processing file changes in outputs
[NX Daemon Server] - 2025-05-05T07:58:58.298Z - [WATCHER]: Processing file changes in outputs
[NX Daemon Server] - 2025-05-05T07:58:58.361Z - [WATCHER]: Processing file changes in outputs
[NX Daemon Server] - 2025-05-05T07:58:58.554Z - [WATCHER]: Processing file changes in outputs
[NX Daemon Server] - 2025-05-05T07:58:58.609Z - [WATCHER]: Processing file changes in outputs
[NX Daemon Server] - 2025-05-05T07:58:59.405Z - [WATCHER]: Processing file changes in outputs
[NX Daemon Server] - 2025-05-05T07:58:59.467Z - [WATCHER]: Processing file changes in outputs
[NX Daemon Server] - 2025-05-05T07:58:59.979Z - Closed a connection. Number of open connections: 1
[NX Daemon Server] - 2025-05-05T07:58:59.997Z - [WATCHER]: Processing file changes in outputs
[NX Daemon Server] - 2025-05-05T07:59:00.171Z - [WATCHER]: Processing file changes in outputs
[NX Daemon Server] - 2025-05-05T07:59:00.211Z - [REQUEST]: Responding to the client. recordOutputsHash
[NX Daemon Server] - 2025-05-05T07:59:00.211Z - Done responding to the client recordOutputsHash
[NX Daemon Server] - 2025-05-05T07:59:00.211Z - Handled RECORD_OUTPUTS_HASH. Handling time: 8. Response time: 0.
[NX Daemon Server] - 2025-05-05T07:59:00.222Z - [WATCHER]: Processing file changes in outputs
[NX Daemon Server] - 2025-05-05T07:59:00.898Z - [REQUEST]: Responding to the client. PROCESS_IN_BACKGROUND
[NX Daemon Server] - 2025-05-05T07:59:00.898Z - Uploading file artifacts
[NX Daemon Server] - 2025-05-05T07:59:01.422Z - Done responding to the client PROCESS_IN_BACKGROUND
[NX Daemon Server] - 2025-05-05T07:59:01.422Z - Handled PROCESS_IN_BACKGROUND. Handling time: 448. Response time: 525.
[NX Daemon Server] - 2025-05-05T07:59:01.423Z - Closed a connection. Number of open connections: 0
[NX Daemon Server] - 2025-05-05T07:59:02.760Z - Done uploading file artifacts
[NX Daemon Server] - 2025-05-05T07:59:02.760Z - Sending EndRun request
[NX Daemon Server] - 2025-05-05T07:59:02.933Z - Done sending EndRun request
[NX Daemon Server] - 2025-05-05T08:03:35.853Z - Established a connection. Number of open connections: 1
[NX Daemon Server] - 2025-05-05T08:03:35.854Z - Closed a connection. Number of open connections: 0
[NX Daemon Server] - 2025-05-05T08:03:35.854Z - Established a connection. Number of open connections: 1
[NX Daemon Server] - 2025-05-05T08:03:35.857Z - [REQUEST]: Client Request for Project Graph Received
[NX Daemon Server] - 2025-05-05T08:03:35.857Z - [REQUEST]: Responding to the client. project-graph
[NX Daemon Server] - 2025-05-05T08:03:35.859Z - Time taken for 'total for creating and serializing project graph' 0.7278000000515021ms
[NX Daemon Server] - 2025-05-05T08:03:35.860Z - Done responding to the client project-graph
[NX Daemon Server] - 2025-05-05T08:03:35.860Z - Handled REQUEST_PROJECT_GRAPH. Handling time: 1. Response time: 3.
[NX Daemon Server] - 2025-05-05T08:03:35.921Z - [REQUEST]: Responding to the client. handleHashTasks
[NX Daemon Server] - 2025-05-05T08:03:35.922Z - Done responding to the client handleHashTasks
[NX Daemon Server] - 2025-05-05T08:03:35.922Z - Handled HASH_TASKS. Handling time: 9. Response time: 1.
[NX Daemon Server] - 2025-05-05T08:03:36.106Z - [REQUEST]: Responding to the client. outputsHashesMatch
[NX Daemon Server] - 2025-05-05T08:03:36.106Z - Done responding to the client outputsHashesMatch
[NX Daemon Server] - 2025-05-05T08:03:36.106Z - Handled OUTPUTS_HASHES_MATCH. Handling time: 6. Response time: 0.
[NX Daemon Server] - 2025-05-05T08:03:36.114Z - [REQUEST]: Responding to the client. recordOutputsHash
[NX Daemon Server] - 2025-05-05T08:03:36.114Z - Done responding to the client recordOutputsHash
[NX Daemon Server] - 2025-05-05T08:03:36.114Z - Handled RECORD_OUTPUTS_HASH. Handling time: 6. Response time: 0.
[NX Daemon Server] - 2025-05-05T08:03:36.525Z - [REQUEST]: Responding to the client. PROCESS_IN_BACKGROUND
[NX Daemon Server] - 2025-05-05T08:03:36.525Z - Done responding to the client PROCESS_IN_BACKGROUND
[NX Daemon Server] - 2025-05-05T08:03:36.525Z - Handled PROCESS_IN_BACKGROUND. Handling time: 324. Response time: 0.
[NX Daemon Server] - 2025-05-05T08:03:36.532Z - Closed a connection. Number of open connections: 0
[NX Daemon Server] - 2025-05-05T08:03:36.532Z - Uploading file artifacts
[NX Daemon Server] - 2025-05-05T08:03:36.532Z - Done uploading file artifacts
[NX Daemon Server] - 2025-05-05T08:03:36.532Z - Sending EndRun request
[NX Daemon Server] - 2025-05-05T08:03:36.703Z - Done sending EndRun request
[NX Daemon Server] - 2025-05-05T08:03:55.621Z - Established a connection. Number of open connections: 1
[NX Daemon Server] - 2025-05-05T08:03:55.621Z - Closed a connection. Number of open connections: 0
[NX Daemon Server] - 2025-05-05T08:03:55.621Z - Established a connection. Number of open connections: 1
[NX Daemon Server] - 2025-05-05T08:03:55.624Z - [REQUEST]: Client Request for Project Graph Received
[NX Daemon Server] - 2025-05-05T08:03:55.624Z - [REQUEST]: Responding to the client. project-graph
[NX Daemon Server] - 2025-05-05T08:03:55.625Z - Time taken for 'total for creating and serializing project graph' 0.3911000000080094ms
[NX Daemon Server] - 2025-05-05T08:03:55.627Z - Done responding to the client project-graph
[NX Daemon Server] - 2025-05-05T08:03:55.627Z - Handled REQUEST_PROJECT_GRAPH. Handling time: 0. Response time: 3.
[NX Daemon Server] - 2025-05-05T08:03:55.681Z - [REQUEST]: Responding to the client. handleHashTasks
[NX Daemon Server] - 2025-05-05T08:03:55.681Z - Done responding to the client handleHashTasks
[NX Daemon Server] - 2025-05-05T08:03:55.681Z - Handled HASH_TASKS. Handling time: 8. Response time: 0.
[NX Daemon Server] - 2025-05-05T08:03:57.653Z - Established a connection. Number of open connections: 2
[NX Daemon Server] - 2025-05-05T08:03:57.653Z - Closed a connection. Number of open connections: 1
[NX Daemon Server] - 2025-05-05T08:03:57.654Z - Established a connection. Number of open connections: 2
[NX Daemon Server] - 2025-05-05T08:03:57.658Z - [REQUEST]: Client Request for Project Graph Received
[NX Daemon Server] - 2025-05-05T08:03:57.658Z - [REQUEST]: Responding to the client. project-graph
[NX Daemon Server] - 2025-05-05T08:03:57.660Z - Time taken for 'total for creating and serializing project graph' 0.36869999999180436ms
[NX Daemon Server] - 2025-05-05T08:03:57.662Z - Done responding to the client project-graph
[NX Daemon Server] - 2025-05-05T08:03:57.662Z - Handled REQUEST_PROJECT_GRAPH. Handling time: 0. Response time: 4.
[NX Daemon Server] - 2025-05-05T08:03:57.794Z - [REQUEST]: Client Request for Project Graph Received
[NX Daemon Server] - 2025-05-05T08:03:57.794Z - [REQUEST]: Responding to the client. project-graph
[NX Daemon Server] - 2025-05-05T08:03:57.795Z - Time taken for 'total for creating and serializing project graph' 0.5945000000065193ms
[NX Daemon Server] - 2025-05-05T08:03:57.796Z - Done responding to the client project-graph
[NX Daemon Server] - 2025-05-05T08:03:57.796Z - Handled REQUEST_PROJECT_GRAPH. Handling time: 0. Response time: 2.
[NX Daemon Server] - 2025-05-05T08:03:59.810Z - [WATCHER]: Processing file changes in outputs
[NX Daemon Server] - 2025-05-05T08:04:00.695Z - [WATCHER]: Processing file changes in outputs
[NX Daemon Server] - 2025-05-05T08:04:01.226Z - [WATCHER]: Processing file changes in outputs
[NX Daemon Server] - 2025-05-05T08:04:01.677Z - [WATCHER]: Processing file changes in outputs
[NX Daemon Server] - 2025-05-05T08:04:01.865Z - [WATCHER]: Processing file changes in outputs
[NX Daemon Server] - 2025-05-05T08:04:02.082Z - [WATCHER]: Processing file changes in outputs
[NX Daemon Server] - 2025-05-05T08:04:03.743Z - [WATCHER]: Processing file changes in outputs
[NX Daemon Server] - 2025-05-05T08:04:03.805Z - [WATCHER]: Processing file changes in outputs
[NX Daemon Server] - 2025-05-05T08:04:03.997Z - [WATCHER]: Processing file changes in outputs
[NX Daemon Server] - 2025-05-05T08:04:04.057Z - [WATCHER]: Processing file changes in outputs
[NX Daemon Server] - 2025-05-05T08:04:04.120Z - [WATCHER]: Processing file changes in outputs
[NX Daemon Server] - 2025-05-05T08:04:04.440Z - [WATCHER]: Processing file changes in outputs
[NX Daemon Server] - 2025-05-05T08:04:04.493Z - [WATCHER]: Processing file changes in outputs
[NX Daemon Server] - 2025-05-05T08:04:04.711Z - [WATCHER]: Processing file changes in outputs
[NX Daemon Server] - 2025-05-05T08:04:04.882Z - [WATCHER]: Processing file changes in outputs
[NX Daemon Server] - 2025-05-05T08:04:04.948Z - [WATCHER]: Processing file changes in outputs
[NX Daemon Server] - 2025-05-05T08:04:05.006Z - [WATCHER]: Processing file changes in outputs
[NX Daemon Server] - 2025-05-05T08:04:05.069Z - [WATCHER]: Processing file changes in outputs
[NX Daemon Server] - 2025-05-05T08:04:05.131Z - [WATCHER]: Processing file changes in outputs
[NX Daemon Server] - 2025-05-05T08:04:05.194Z - [WATCHER]: Processing file changes in outputs
[NX Daemon Server] - 2025-05-05T08:04:05.255Z - [WATCHER]: Processing file changes in outputs
[NX Daemon Server] - 2025-05-05T08:04:05.428Z - [WATCHER]: Processing file changes in outputs
[NX Daemon Server] - 2025-05-05T08:04:05.601Z - [WATCHER]: Processing file changes in outputs
[NX Daemon Server] - 2025-05-05T08:04:05.772Z - [WATCHER]: Processing file changes in outputs
[NX Daemon Server] - 2025-05-05T08:04:06.007Z - [WATCHER]: Processing file changes in outputs
[NX Daemon Server] - 2025-05-05T08:04:06.064Z - [WATCHER]: Processing file changes in outputs
[NX Daemon Server] - 2025-05-05T08:04:06.115Z - [WATCHER]: Processing file changes in outputs
[NX Daemon Server] - 2025-05-05T08:04:06.208Z - [WATCHER]: Processing file changes in outputs
[NX Daemon Server] - 2025-05-05T08:04:06.285Z - [WATCHER]: Processing file changes in outputs
[NX Daemon Server] - 2025-05-05T08:04:06.350Z - [WATCHER]: Processing file changes in outputs
[NX Daemon Server] - 2025-05-05T08:04:06.410Z - [WATCHER]: Processing file changes in outputs
[NX Daemon Server] - 2025-05-05T08:04:06.550Z - [WATCHER]: Processing file changes in outputs
[NX Daemon Server] - 2025-05-05T08:04:06.607Z - [WATCHER]: Processing file changes in outputs
[NX Daemon Server] - 2025-05-05T08:04:06.658Z - [WATCHER]: Processing file changes in outputs
[NX Daemon Server] - 2025-05-05T08:04:06.732Z - [WATCHER]: Processing file changes in outputs
[NX Daemon Server] - 2025-05-05T08:04:06.784Z - [WATCHER]: Processing file changes in outputs
[NX Daemon Server] - 2025-05-05T08:04:06.877Z - [WATCHER]: Processing file changes in outputs
[NX Daemon Server] - 2025-05-05T08:04:07.135Z - [WATCHER]: Processing file changes in outputs
[NX Daemon Server] - 2025-05-05T08:04:07.221Z - [WATCHER]: Processing file changes in outputs
[NX Daemon Server] - 2025-05-05T08:04:07.486Z - [WATCHER]: Processing file changes in outputs
[NX Daemon Server] - 2025-05-05T08:04:07.642Z - [WATCHER]: Processing file changes in outputs
[NX Daemon Server] - 2025-05-05T08:04:07.751Z - [WATCHER]: Processing file changes in outputs
[NX Daemon Server] - 2025-05-05T08:04:07.892Z - [WATCHER]: Processing file changes in outputs
[NX Daemon Server] - 2025-05-05T08:04:10.930Z - [WATCHER]: Processing file changes in outputs
[NX Daemon Server] - 2025-05-05T08:04:10.993Z - [WATCHER]: Processing file changes in outputs
[NX Daemon Server] - 2025-05-05T08:04:11.152Z - [WATCHER]: Processing file changes in outputs
[NX Daemon Server] - 2025-05-05T08:04:11.212Z - [WATCHER]: Processing file changes in outputs
[NX Daemon Server] - 2025-05-05T08:04:11.991Z - [WATCHER]: Processing file changes in outputs
[NX Daemon Server] - 2025-05-05T08:04:12.593Z - Closed a connection. Number of open connections: 1
[NX Daemon Server] - 2025-05-05T08:04:12.631Z - [WATCHER]: Processing file changes in outputs
[NX Daemon Server] - 2025-05-05T08:04:12.755Z - [WATCHER]: Processing file changes in outputs
[NX Daemon Server] - 2025-05-05T08:04:12.796Z - [REQUEST]: Responding to the client. recordOutputsHash
[NX Daemon Server] - 2025-05-05T08:04:12.796Z - Done responding to the client recordOutputsHash
[NX Daemon Server] - 2025-05-05T08:04:12.796Z - Handled RECORD_OUTPUTS_HASH. Handling time: 6. Response time: 0.
[NX Daemon Server] - 2025-05-05T08:04:12.805Z - [WATCHER]: Processing file changes in outputs
[NX Daemon Server] - 2025-05-05T08:04:13.291Z - [REQUEST]: Responding to the client. PROCESS_IN_BACKGROUND
[NX Daemon Server] - 2025-05-05T08:04:13.292Z - Done responding to the client PROCESS_IN_BACKGROUND
[NX Daemon Server] - 2025-05-05T08:04:13.292Z - Handled PROCESS_IN_BACKGROUND. Handling time: 279. Response time: 1.
[NX Daemon Server] - 2025-05-05T08:04:13.292Z - Uploading file artifacts
[NX Daemon Server] - 2025-05-05T08:04:13.727Z - Closed a connection. Number of open connections: 0
[NX Daemon Server] - 2025-05-05T08:04:15.148Z - Done uploading file artifacts
[NX Daemon Server] - 2025-05-05T08:04:15.148Z - Sending EndRun request
[NX Daemon Server] - 2025-05-05T08:04:15.321Z - Done sending EndRun request
[NX Daemon Server] - 2025-05-05T08:08:23.614Z - [WATCHER]: Processing file changes in outputs
[NX Daemon Server] - 2025-05-05T08:08:23.616Z - [WATCHER]: package.json was modified
[NX Daemon Server] - 2025-05-05T08:08:23.723Z - [REQUEST]: Updated workspace context based on watched changes, recomputing project graph...
[NX Daemon Server] - 2025-05-05T08:08:23.723Z - [REQUEST]: package.json
[NX Daemon Server] - 2025-05-05T08:08:23.723Z - [REQUEST]: 
[NX Daemon Server] - 2025-05-05T08:08:23.726Z - Time taken for 'hash changed files from watcher' 0.5137000000104308ms
[NX Daemon Server] - 2025-05-05T08:08:23.752Z - Time taken for 'build-project-configs' 18.410900000017136ms
[NX Daemon Server] - 2025-05-05T08:08:23.788Z - [SYNC]: collect registered sync generators
[NX Daemon Server] - 2025-05-05T08:08:23.789Z - [SYNC]: project graph hash is the same, not collecting task sync generators
[NX Daemon Server] - 2025-05-05T08:08:23.789Z - [SYNC]: nx.json hash is the same, not collecting global sync generators
[NX Daemon Server] - 2025-05-05T08:08:23.789Z - [SYNC]: scheduling: []
[NX Daemon Server] - 2025-05-05T08:08:23.789Z - Time taken for 'total execution time for createProjectGraph()' 32.08039999997709ms
[NX Daemon Server] - 2025-05-05T08:08:24.068Z - [WATCHER]: Processing file changes in outputs
[NX Daemon Server] - 2025-05-05T08:08:24.068Z - [WATCHER]: Stopping the watcher for C:\Users\Usuario\Desktop\cosas\PROYECTOS\portfolio-main (sources)
[NX Daemon Server] - 2025-05-05T08:08:24.068Z - [WATCHER]: Stopping the watcher for C:\Users\Usuario\Desktop\cosas\PROYECTOS\portfolio-main (outputs)
[NX Daemon Server] - 2025-05-05T08:08:24.069Z - Server stopped because: "LOCK_FILES_CHANGED"
[NX Daemon Server] - 2025-05-05T08:21:53.205Z - Started listening on: \\.\pipe\nx\C:\Users\Usuario\AppData\Local\Temp\447b5806aaaf92ceda02\d.sock
[NX Daemon Server] - 2025-05-05T08:21:53.208Z - [WATCHER]: Subscribed to changes within: C:\Users\Usuario\Desktop\cosas\PROYECTOS\portfolio-main (native)
[NX Daemon Server] - 2025-05-05T08:21:53.217Z - Established a connection. Number of open connections: 1
[NX Daemon Server] - 2025-05-05T08:21:53.219Z - Closed a connection. Number of open connections: 0
[NX Daemon Server] - 2025-05-05T08:21:53.219Z - Established a connection. Number of open connections: 1
[NX Daemon Server] - 2025-05-05T08:21:53.221Z - [REQUEST]: Client Request for Project Graph Received
[NX Daemon Server] - 2025-05-05T08:21:53.401Z - [REQUEST]: Updated workspace context based on watched changes, recomputing project graph...
[NX Daemon Server] - 2025-05-05T08:21:53.401Z - [REQUEST]: 
[NX Daemon Server] - 2025-05-05T08:21:53.401Z - [REQUEST]: 
[NX Daemon Server] - 2025-05-05T08:21:53.406Z - Time taken for 'loadNxPlugins' 179.25189999999998ms
[NX Daemon Server] - 2025-05-05T08:21:53.444Z - Time taken for 'build-project-configs' 24.807600000000036ms
[NX Daemon Server] - 2025-05-05T08:21:53.541Z - [SYNC]: collect registered sync generators
[NX Daemon Server] - 2025-05-05T08:21:53.542Z - [SYNC]: scheduling: []
[NX Daemon Server] - 2025-05-05T08:21:53.542Z - [REQUEST]: Responding to the client. project-graph
[NX Daemon Server] - 2025-05-05T08:21:53.543Z - Time taken for 'total for creating and serializing project graph' 321.71270000000004ms
[NX Daemon Server] - 2025-05-05T08:21:53.544Z - Done responding to the client project-graph
[NX Daemon Server] - 2025-05-05T08:21:53.544Z - Handled REQUEST_PROJECT_GRAPH. Handling time: 322. Response time: 2.
[NX Daemon Server] - 2025-05-05T08:21:53.605Z - [REQUEST]: Responding to the client. handleHashTasks
[NX Daemon Server] - 2025-05-05T08:21:53.605Z - Done responding to the client handleHashTasks
[NX Daemon Server] - 2025-05-05T08:21:53.605Z - Handled HASH_TASKS. Handling time: 16. Response time: 0.
[NX Daemon Server] - 2025-05-05T08:21:56.198Z - Established a connection. Number of open connections: 2
[NX Daemon Server] - 2025-05-05T08:21:56.198Z - Closed a connection. Number of open connections: 1
[NX Daemon Server] - 2025-05-05T08:21:56.199Z - Established a connection. Number of open connections: 2
[NX Daemon Server] - 2025-05-05T08:21:56.203Z - [REQUEST]: Client Request for Project Graph Received
[NX Daemon Server] - 2025-05-05T08:21:56.203Z - [REQUEST]: Responding to the client. project-graph
[NX Daemon Server] - 2025-05-05T08:21:56.204Z - Time taken for 'total for creating and serializing project graph' 0.3647000000000844ms
[NX Daemon Server] - 2025-05-05T08:21:56.206Z - Done responding to the client project-graph
[NX Daemon Server] - 2025-05-05T08:21:56.206Z - Handled REQUEST_PROJECT_GRAPH. Handling time: 0. Response time: 3.
[NX Daemon Server] - 2025-05-05T08:21:56.332Z - [REQUEST]: Client Request for Project Graph Received
[NX Daemon Server] - 2025-05-05T08:21:56.333Z - [REQUEST]: Responding to the client. project-graph
[NX Daemon Server] - 2025-05-05T08:21:56.333Z - Time taken for 'total for creating and serializing project graph' 0.38990000000012515ms
[NX Daemon Server] - 2025-05-05T08:21:56.334Z - Done responding to the client project-graph
[NX Daemon Server] - 2025-05-05T08:21:56.334Z - Handled REQUEST_PROJECT_GRAPH. Handling time: 1. Response time: 1.
[NX Daemon Server] - 2025-05-05T08:21:59.579Z - [WATCHER]: Processing file changes in outputs
[NX Daemon Server] - 2025-05-05T08:22:01.136Z - [WATCHER]: Processing file changes in outputs
[NX Daemon Server] - 2025-05-05T08:22:02.399Z - [WATCHER]: Processing file changes in outputs
[NX Daemon Server] - 2025-05-05T08:22:02.507Z - [WATCHER]: Processing file changes in outputs
[NX Daemon Server] - 2025-05-05T08:22:03.746Z - [WATCHER]: Processing file changes in outputs
[NX Daemon Server] - 2025-05-05T08:22:04.262Z - [WATCHER]: Processing file changes in outputs
[NX Daemon Server] - 2025-05-05T08:22:08.671Z - [WATCHER]: Processing file changes in outputs
[NX Daemon Server] - 2025-05-05T08:22:10.099Z - [WATCHER]: Processing file changes in outputs
[NX Daemon Server] - 2025-05-05T08:22:10.157Z - [WATCHER]: Processing file changes in outputs
[NX Daemon Server] - 2025-05-05T08:22:11.772Z - [WATCHER]: Processing file changes in outputs
[NX Daemon Server] - 2025-05-05T08:22:11.838Z - [WATCHER]: Processing file changes in outputs
[NX Daemon Server] - 2025-05-05T08:22:12.010Z - [WATCHER]: Processing file changes in outputs
[NX Daemon Server] - 2025-05-05T08:22:12.059Z - [WATCHER]: Processing file changes in outputs
[NX Daemon Server] - 2025-05-05T08:22:12.122Z - [WATCHER]: Processing file changes in outputs
[NX Daemon Server] - 2025-05-05T08:22:12.403Z - [WATCHER]: Processing file changes in outputs
[NX Daemon Server] - 2025-05-05T08:22:12.651Z - [WATCHER]: Processing file changes in outputs
[NX Daemon Server] - 2025-05-05T08:22:12.840Z - [WATCHER]: Processing file changes in outputs
[NX Daemon Server] - 2025-05-05T08:22:12.902Z - [WATCHER]: Processing file changes in outputs
[NX Daemon Server] - 2025-05-05T08:22:12.961Z - [WATCHER]: Processing file changes in outputs
[NX Daemon Server] - 2025-05-05T08:22:13.028Z - [WATCHER]: Processing file changes in outputs
[NX Daemon Server] - 2025-05-05T08:22:13.121Z - [WATCHER]: Processing file changes in outputs
[NX Daemon Server] - 2025-05-05T08:22:13.184Z - [WATCHER]: Processing file changes in outputs
[NX Daemon Server] - 2025-05-05T08:22:13.262Z - [WATCHER]: Processing file changes in outputs
[NX Daemon Server] - 2025-05-05T08:22:13.435Z - [WATCHER]: Processing file changes in outputs
[NX Daemon Server] - 2025-05-05T08:22:13.623Z - [WATCHER]: Processing file changes in outputs
[NX Daemon Server] - 2025-05-05T08:22:13.814Z - [WATCHER]: Processing file changes in outputs
[NX Daemon Server] - 2025-05-05T08:22:14.069Z - [WATCHER]: Processing file changes in outputs
[NX Daemon Server] - 2025-05-05T08:22:14.125Z - [WATCHER]: Processing file changes in outputs
[NX Daemon Server] - 2025-05-05T08:22:14.189Z - [WATCHER]: Processing file changes in outputs
[NX Daemon Server] - 2025-05-05T08:22:14.283Z - [WATCHER]: Processing file changes in outputs
[NX Daemon Server] - 2025-05-05T08:22:14.361Z - [WATCHER]: Processing file changes in outputs
[NX Daemon Server] - 2025-05-05T08:22:14.439Z - [WATCHER]: Processing file changes in outputs
[NX Daemon Server] - 2025-05-05T08:22:14.502Z - [WATCHER]: Processing file changes in outputs
[NX Daemon Server] - 2025-05-05T08:22:14.659Z - [WATCHER]: Processing file changes in outputs
[NX Daemon Server] - 2025-05-05T08:22:14.721Z - [WATCHER]: Processing file changes in outputs
[NX Daemon Server] - 2025-05-05T08:22:14.799Z - [WATCHER]: Processing file changes in outputs
[NX Daemon Server] - 2025-05-05T08:22:14.862Z - [WATCHER]: Processing file changes in outputs
[NX Daemon Server] - 2025-05-05T08:22:14.924Z - [WATCHER]: Processing file changes in outputs
[NX Daemon Server] - 2025-05-05T08:22:15.016Z - [WATCHER]: Processing file changes in outputs
[NX Daemon Server] - 2025-05-05T08:22:15.288Z - [WATCHER]: Processing file changes in outputs
[NX Daemon Server] - 2025-05-05T08:22:15.344Z - [WATCHER]: Processing file changes in outputs
[NX Daemon Server] - 2025-05-05T08:22:15.407Z - [WATCHER]: Processing file changes in outputs
[NX Daemon Server] - 2025-05-05T08:22:15.687Z - [WATCHER]: Processing file changes in outputs
[NX Daemon Server] - 2025-05-05T08:22:15.827Z - [WATCHER]: Processing file changes in outputs
[NX Daemon Server] - 2025-05-05T08:22:15.921Z - [WATCHER]: Processing file changes in outputs
[NX Daemon Server] - 2025-05-05T08:22:16.060Z - [WATCHER]: Processing file changes in outputs
[NX Daemon Server] - 2025-05-05T08:22:17.636Z - [WATCHER]: .gitignore was modified
[NX Daemon Server] - 2025-05-05T08:22:17.636Z - [WATCHER]: Processing file changes in outputs
[NX Daemon Server] - 2025-05-05T08:22:17.636Z - [WATCHER]: Stopping the watcher for C:\Users\Usuario\Desktop\cosas\PROYECTOS\portfolio-main (sources)
[NX Daemon Server] - 2025-05-05T08:22:17.636Z - Closed a connection. Number of open connections: 1
[NX Daemon Server] - 2025-05-05T08:22:17.636Z - Closed a connection. Number of open connections: 0
[NX Daemon Server] - 2025-05-05T08:22:17.636Z - [WATCHER]: Stopping the watcher for C:\Users\Usuario\Desktop\cosas\PROYECTOS\portfolio-main (outputs)
[NX Daemon Server] - 2025-05-05T08:22:17.638Z - Server stopped because: "Stopping the daemon the set of ignored files changed (native)"
